\BOOKMARK [1][-]{section.1}{Introduction}{}% 1
\BOOKMARK [1][-]{section.2}{Vedic,\040Brahmanic\040and\040Jain\040scriptures}{}% 2
\BOOKMARK [2][-]{subsection.2.1}{Emergence\040of\040the\040Third\040Gender\040in\040Mythology}{section.2}% 3
\BOOKMARK [2][-]{subsection.2.2}{Sex\040and\040Gender\040in\040the\040Jain\040Order}{section.2}% 4
\BOOKMARK [2][-]{subsection.2.3}{Jain\040Monastic\040Ordination}{section.2}% 5
\BOOKMARK [1][-]{section.3}{Pali\040and\040Chinese\040Vinayas\040of\040the\040different\040schools}{}% 6
\BOOKMARK [2][-]{subsection.3.1}{Theravāda Vinaya}{section.3}% 7
\BOOKMARK [2][-]{subsection.3.2}{Mahāsaṅghika Vinaya}{section.3}% 8
\BOOKMARK [2][-]{subsection.3.3}{Dharmaguptaka\040Vinaya}{section.3}% 9
\BOOKMARK [2][-]{subsection.3.4}{Mahīśāsaka Vinaya}{section.3}% 10
\BOOKMARK [2][-]{subsection.3.5}{Sarvāstivāda Vinaya}{section.3}% 11
\BOOKMARK [2][-]{subsection.3.6}{Commentaries}{section.3}% 12
\BOOKMARK [2][-]{subsection.3.7}{Summary}{section.3}% 13
\BOOKMARK [1][-]{section.4}{The paṇḍaka}{}% 14
\BOOKMARK [1][-]{section.5}{Appendix\0401:\040Glossary\040of\040Modern\040Definitions}{}% 15
\BOOKMARK [2][-]{subsection.5.1}{Intersex}{section.5}% 16
\BOOKMARK [2][-]{subsection.5.2}{Hermaphrodite}{section.5}% 17
\BOOKMARK [2][-]{subsection.5.3}{Transgender}{section.5}% 18
\BOOKMARK [1][-]{section.6}{Appendix\0402:\040Word\040Frequency}{}% 19
\BOOKMARK [2][-]{subsection.6.1}{Pali\040canon\040and\040commentaries}{section.6}% 20
\BOOKMARK [2][-]{subsection.6.2}{Sanskrit\040Buddhist\040and\040Vedic\040canon}{section.6}% 21
