\BOOKMARK [1][-]{section.1}{Introduction}{}% 1
\BOOKMARK [1][-]{section.2}{Vedic,\040Brahmanic\040and\040Jain\040scriptures}{}% 2
\BOOKMARK [2][-]{subsection.2.1}{Emergence\040of\040the\040Third\040Gender\040in\040Mythology}{section.2}% 3
\BOOKMARK [2][-]{subsection.2.2}{Sex\040and\040Gender\040in\040the\040Jain\040Order}{section.2}% 4
\BOOKMARK [2][-]{subsection.2.3}{Jain\040Monastic\040Ordination}{section.2}% 5
\BOOKMARK [1][-]{section.3}{Pāli and Chinese Vinayas of the different schools}{}% 6
\BOOKMARK [2][-]{subsection.3.1}{Theravāda Vinaya}{section.3}% 7
\BOOKMARK [2][-]{subsection.3.2}{Mahāsaṅghika Vinaya}{section.3}% 8
\BOOKMARK [2][-]{subsection.3.3}{Dharmaguptaka\040Vinaya}{section.3}% 9
\BOOKMARK [2][-]{subsection.3.4}{Mahīśāsaka Vinaya}{section.3}% 10
\BOOKMARK [2][-]{subsection.3.5}{Sarvāstivāda Vinaya}{section.3}% 11
\BOOKMARK [2][-]{subsection.3.6}{Commentaries}{section.3}% 12
\BOOKMARK [1][-]{section.4}{The Paṇḍaka}{}% 13
\BOOKMARK [2][-]{subsection.4.1}{History}{section.4}% 14
\BOOKMARK [2][-]{subsection.4.2}{The\040Five\040Types}{section.4}% 15
\BOOKMARK [2][-]{subsection.4.3}{Meaning}{section.4}% 16
\BOOKMARK [1][-]{section.5}{Ubhatob­yañ­janaka}{}% 17
\BOOKMARK [2][-]{subsection.5.1}{Meaning}{section.5}% 18
\BOOKMARK [1][-]{section.6}{Appendix\0401:\040Glossary\040of\040Definitions}{}% 19
\BOOKMARK [2][-]{subsection.6.1}{Definitions of Pāli words}{section.6}% 20
\BOOKMARK [3][-]{subsubsection.6.1.1}{Napuṃsaka}{subsection.6.1}% 21
\BOOKMARK [3][-]{subsubsection.6.1.2}{Paṇḍaka}{subsection.6.1}% 22
\BOOKMARK [3][-]{subsubsection.6.1.3}{Ubhatob­yañ­janaka}{subsection.6.1}% 23
\BOOKMARK [3][-]{subsubsection.6.1.4}{Other\040references}{subsection.6.1}% 24
\BOOKMARK [2][-]{subsection.6.2}{Modern\040Definitions}{section.6}% 25
\BOOKMARK [3][-]{subsubsection.6.2.1}{Intersex}{subsection.6.2}% 26
\BOOKMARK [3][-]{subsubsection.6.2.2}{Hermaphrodite}{subsection.6.2}% 27
\BOOKMARK [3][-]{subsubsection.6.2.3}{Transgender}{subsection.6.2}% 28
\BOOKMARK [1][-]{section.7}{Appendix\0402:\040Word\040Frequency}{}% 29
\BOOKMARK [2][-]{subsection.7.1}{Pāli canon and commentaries}{section.7}% 30
\BOOKMARK [2][-]{subsection.7.2}{Sanskrit\040Buddhist\040and\040Vedic\040canon}{section.7}% 31
