This is XeTeX, Version 3.14159265-2.6-0.999991 (TeX Live 2019/Debian) (preloaded format=xelatex 2021.1.11)  20 MAR 2021 13:25
entering extended mode
 restricted \write18 enabled.
 %&-line parsing enabled.
**YellowGate
(./YellowGate.tex
LaTeX2e <2020-02-02> patch level 2
L3 programming layer <2020-02-14>
(/usr/share/texlive/texmf-dist/tex/latex/base/fixltx2e.sty
Package: fixltx2e 2016/12/29 v2.1a fixes to LaTeX (obsolete)
Applying: [2015/01/01] Old fixltx2e package on input line 46.


Package fixltx2e Warning: fixltx2e is not required with releases after 2015
(fixltx2e)                All fixes are now in the LaTeX kernel.
(fixltx2e)                See the latexrelease package for details.

Already applied: [0000/00/00] Old fixltx2e package on input line 53.
) (/usr/share/texlive/texmf-dist/tex/latex/koma-script/scrartcl.cls
Document Class: scrartcl 2020/01/24 v3.29 KOMA-Script document class (article)
(/usr/share/texlive/texmf-dist/tex/latex/koma-script/scrkbase.sty
Package: scrkbase 2020/01/24 v3.29 KOMA-Script package (KOMA-Script-dependent b
asics and keyval usage)

(/usr/share/texlive/texmf-dist/tex/latex/koma-script/scrbase.sty
Package: scrbase 2020/01/24 v3.29 KOMA-Script package (KOMA-Script-independent 
basics and keyval usage)

(/usr/share/texlive/texmf-dist/tex/latex/graphics/keyval.sty
Package: keyval 2014/10/28 v1.15 key=value parser (DPC)
\KV@toks@=\toks14
)
(/usr/share/texlive/texmf-dist/tex/latex/koma-script/scrlfile.sty
Package: scrlfile 2020/01/24 v3.29 KOMA-Script package (loading files)
)))
(/usr/share/texlive/texmf-dist/tex/latex/koma-script/tocbasic.sty
Package: tocbasic 2020/01/24 v3.29 KOMA-Script package (handling toc-files)
\scr@dte@tocline@numberwidth=\skip47
\scr@dte@tocline@numbox=\box45
)
Package tocbasic Info: omitting babel extension for `toc'
(tocbasic)             because of feature `nobabel' available
(tocbasic)             for `toc' on input line 137.
Package scrartcl Info: You've used standard option `12pt'.
(scrartcl)             This is correct!
(scrartcl)             Internally I'm using `fontsize=12pt'.
(scrartcl)             If you'd like to set the option with \KOMAoptions,
(scrartcl)             you'd have to use `fontsize=12pt' there
(scrartcl)             instead of `12pt', too.
Class scrartcl Info: File `scrsize12pt.clo' used to setup font sizes on input l
ine 2212.

(/usr/share/texlive/texmf-dist/tex/latex/koma-script/scrsize12pt.clo
File: scrsize12pt.clo 2020/01/24 v3.29 KOMA-Script font size class option (12pt
)
)
(/usr/share/texlive/texmf-dist/tex/latex/koma-script/typearea.sty
Package: typearea 2020/01/24 v3.29 KOMA-Script package (type area)
\ta@bcor=\skip48
\ta@div=\count163
Package typearea Info: You've used standard option `a4paper'.
(typearea)             This is correct!
(typearea)             Internally I'm using `paper=a4'.
(typearea)             If you'd like to set the option with \KOMAoptions,
(typearea)             you'd have to use `paper=a4' there
(typearea)             instead of `a4paper', too.
\ta@hblk=\skip49
\ta@vblk=\skip50
\ta@temp=\skip51
\footheight=\skip52
Package typearea Info: These are the values describing the layout:
(typearea)             DIV  = 12
(typearea)             BCOR = 0.0pt
(typearea)             \paperwidth      = 597.50793pt
(typearea)              \textwidth      = 448.13095pt
(typearea)              DIV departure   = -6%
(typearea)              \evensidemargin = 27.31467pt
(typearea)              \oddsidemargin  = -22.47766pt
(typearea)             \paperheight     = 845.04694pt
(typearea)              \textheight     = 635.5pt
(typearea)              \topmargin      = -41.72441pt
(typearea)              \headheight     = 18.125pt
(typearea)              \headsep        = 21.75pt
(typearea)              \topskip        = 12.0pt
(typearea)              \footskip       = 50.75pt
(typearea)              \baselineskip   = 14.5pt
(typearea)              on input line 1719.
)
\c@part=\count164
\c@section=\count165
\c@subsection=\count166
\c@subsubsection=\count167
\c@paragraph=\count168
\c@subparagraph=\count169
\scr@dte@section@maxnumwidth=\skip53
Class scrartcl Info: using compatibility default `runin=bysign'
(scrartcl)           for `\section on input line 4723.
Class scrartcl Info: using compatibility default `afterindent=bysign'
(scrartcl)           for `\section on input line 4723.
\scr@dte@part@maxnumwidth=\skip54
Class scrartcl Info: using compatibility default `afterindent=false'
(scrartcl)           for `\part on input line 4731.
\scr@dte@subsection@maxnumwidth=\skip55
Class scrartcl Info: using compatibility default `runin=bysign'
(scrartcl)           for `\subsection on input line 4741.
Class scrartcl Info: using compatibility default `afterindent=bysign'
(scrartcl)           for `\subsection on input line 4741.
\scr@dte@subsubsection@maxnumwidth=\skip56
Class scrartcl Info: using compatibility default `runin=bysign'
(scrartcl)           for `\subsubsection on input line 4751.
Class scrartcl Info: using compatibility default `afterindent=bysign'
(scrartcl)           for `\subsubsection on input line 4751.
\scr@dte@paragraph@maxnumwidth=\skip57
Class scrartcl Info: using compatibility default `runin=bysign'
(scrartcl)           for `\paragraph on input line 4761.
Class scrartcl Info: using compatibility default `afterindent=bysign'
(scrartcl)           for `\paragraph on input line 4761.
\scr@dte@subparagraph@maxnumwidth=\skip58
Class scrartcl Info: using compatibility default `runin=bysign'
(scrartcl)           for `\subparagraph on input line 4771.
Class scrartcl Info: using compatibility default `afterindent=bysign'
(scrartcl)           for `\subparagraph on input line 4771.
\abovecaptionskip=\skip59
\belowcaptionskip=\skip60
\c@pti@nb@sid@b@x=\box46
Package tocbasic Info: omitting babel extension for `lof'
(tocbasic)             because of feature `nobabel' available
(tocbasic)             for `lof' on input line 6002.
\scr@dte@figure@maxnumwidth=\skip61
\c@figure=\count170
Package tocbasic Info: omitting babel extension for `lot'
(tocbasic)             because of feature `nobabel' available
(tocbasic)             for `lot' on input line 6014.
\scr@dte@table@maxnumwidth=\skip62
\c@table=\count171
Class scrartcl Info: Redefining `\numberline' on input line 6178.
\bibindent=\dimen134
)
(/usr/share/texlive/texmf-dist/tex/latex/base/inputenc.sty
Package: inputenc 2018/08/11 v1.3c Input encoding file
\inpenc@prehook=\toks15
\inpenc@posthook=\toks16


Package inputenc Warning: inputenc package ignored with utf8 based engines.

) (/usr/share/texlive/texmf-dist/tex/latex/base/fontenc.sty
Package: fontenc 2020/02/11 v2.0o Standard LaTeX package
LaTeX Font Info:    Trying to load font information for T1+lmr on input line 11
2.

(/usr/share/texmf/tex/latex/lm/t1lmr.fd
File: t1lmr.fd 2009/10/30 v1.6 Font defs for Latin Modern
))
(/usr/share/texlive/texmf-dist/tex/latex/mathtools/mathtools.sty
Package: mathtools 2020/01/17 v1.23 mathematical typesetting tools

(/usr/share/texlive/texmf-dist/tex/latex/tools/calc.sty
Package: calc 2017/05/25 v4.3 Infix arithmetic (KKT,FJ)
\calc@Acount=\count172
\calc@Bcount=\count173
\calc@Adimen=\dimen135
\calc@Bdimen=\dimen136
\calc@Askip=\skip63
\calc@Bskip=\skip64
LaTeX Info: Redefining \setlength on input line 80.
LaTeX Info: Redefining \addtolength on input line 81.
\calc@Ccount=\count174
\calc@Cskip=\skip65
)
(/usr/share/texlive/texmf-dist/tex/latex/mathtools/mhsetup.sty
Package: mhsetup 2017/03/31 v1.3 programming setup (MH)
)
(/usr/share/texlive/texmf-dist/tex/latex/amsmath/amsmath.sty
Package: amsmath 2020/01/20 v2.17e AMS math features
\@mathmargin=\skip66

For additional information on amsmath, use the `?' option.
(/usr/share/texlive/texmf-dist/tex/latex/amsmath/amstext.sty
Package: amstext 2000/06/29 v2.01 AMS text

(/usr/share/texlive/texmf-dist/tex/latex/amsmath/amsgen.sty
File: amsgen.sty 1999/11/30 v2.0 generic functions
\@emptytoks=\toks17
\ex@=\dimen137
))
(/usr/share/texlive/texmf-dist/tex/latex/amsmath/amsbsy.sty
Package: amsbsy 1999/11/29 v1.2d Bold Symbols
\pmbraise@=\dimen138
)
(/usr/share/texlive/texmf-dist/tex/latex/amsmath/amsopn.sty
Package: amsopn 2016/03/08 v2.02 operator names
)
\inf@bad=\count175
LaTeX Info: Redefining \frac on input line 227.
\uproot@=\count176
\leftroot@=\count177
LaTeX Info: Redefining \overline on input line 389.
\classnum@=\count178
\DOTSCASE@=\count179
LaTeX Info: Redefining \ldots on input line 486.
LaTeX Info: Redefining \dots on input line 489.
LaTeX Info: Redefining \cdots on input line 610.
\Mathstrutbox@=\box47
\strutbox@=\box48
\big@size=\dimen139
LaTeX Font Info:    Redeclaring font encoding OML on input line 733.
LaTeX Font Info:    Redeclaring font encoding OMS on input line 734.
\macc@depth=\count180
\c@MaxMatrixCols=\count181
\dotsspace@=\muskip16
\c@parentequation=\count182
\dspbrk@lvl=\count183
\tag@help=\toks18
\row@=\count184
\column@=\count185
\maxfields@=\count186
\andhelp@=\toks19
\eqnshift@=\dimen140
\alignsep@=\dimen141
\tagshift@=\dimen142
\tagwidth@=\dimen143
\totwidth@=\dimen144
\lineht@=\dimen145
\@envbody=\toks20
\multlinegap=\skip67
\multlinetaggap=\skip68
\mathdisplay@stack=\toks21
LaTeX Info: Redefining \[ on input line 2859.
LaTeX Info: Redefining \] on input line 2860.
)
LaTeX Info: Thecontrolsequence`\('isalreadyrobust on input line 129.
LaTeX Info: Thecontrolsequence`\)'isalreadyrobust on input line 129.
LaTeX Info: Thecontrolsequence`\['isalreadyrobust on input line 129.
LaTeX Info: Thecontrolsequence`\]'isalreadyrobust on input line 129.
\g_MT_multlinerow_int=\count187
\l_MT_multwidth_dim=\dimen146
\origjot=\skip69
\l_MT_shortvdotswithinadjustabove_dim=\dimen147
\l_MT_shortvdotswithinadjustbelow_dim=\dimen148
\l_MT_above_intertext_sep=\dimen149
\l_MT_below_intertext_sep=\dimen150
\l_MT_above_shortintertext_sep=\dimen151
\l_MT_below_shortintertext_sep=\dimen152
)
(/usr/share/texlive/texmf-dist/tex/latex/tools/longtable.sty
Package: longtable 2020/01/07 v4.13 Multi-page Table package (DPC)
\LTleft=\skip70
\LTright=\skip71
\LTpre=\skip72
\LTpost=\skip73
\LTchunksize=\count188
\LTcapwidth=\dimen153
\LT@head=\box49
\LT@firsthead=\box50
\LT@foot=\box51
\LT@lastfoot=\box52
\LT@cols=\count189
\LT@rows=\count190
\c@LT@tables=\count191
\c@LT@chunks=\count192
\LT@p@ftn=\toks22
)
Class scrartcl Info: longtable captions redefined on input line 7.

(/usr/share/texmf/tex/latex/lm/lmodern.sty
Package: lmodern 2009/10/30 v1.6 Latin Modern Fonts
LaTeX Font Info:    Overwriting symbol font `operators' in version `normal'
(Font)                  OT1/cmr/m/n --> OT1/lmr/m/n on input line 22.
LaTeX Font Info:    Overwriting symbol font `letters' in version `normal'
(Font)                  OML/cmm/m/it --> OML/lmm/m/it on input line 23.
LaTeX Font Info:    Overwriting symbol font `symbols' in version `normal'
(Font)                  OMS/cmsy/m/n --> OMS/lmsy/m/n on input line 24.
LaTeX Font Info:    Overwriting symbol font `largesymbols' in version `normal'
(Font)                  OMX/cmex/m/n --> OMX/lmex/m/n on input line 25.
LaTeX Font Info:    Overwriting symbol font `operators' in version `bold'
(Font)                  OT1/cmr/bx/n --> OT1/lmr/bx/n on input line 26.
LaTeX Font Info:    Overwriting symbol font `letters' in version `bold'
(Font)                  OML/cmm/b/it --> OML/lmm/b/it on input line 27.
LaTeX Font Info:    Overwriting symbol font `symbols' in version `bold'
(Font)                  OMS/cmsy/b/n --> OMS/lmsy/b/n on input line 28.
LaTeX Font Info:    Overwriting symbol font `largesymbols' in version `bold'
(Font)                  OMX/cmex/m/n --> OMX/lmex/m/n on input line 29.
LaTeX Font Info:    Overwriting math alphabet `\mathbf' in version `normal'
(Font)                  OT1/cmr/bx/n --> OT1/lmr/bx/n on input line 31.
LaTeX Font Info:    Overwriting math alphabet `\mathsf' in version `normal'
(Font)                  OT1/cmss/m/n --> OT1/lmss/m/n on input line 32.
LaTeX Font Info:    Overwriting math alphabet `\mathit' in version `normal'
(Font)                  OT1/cmr/m/it --> OT1/lmr/m/it on input line 33.
LaTeX Font Info:    Overwriting math alphabet `\mathtt' in version `normal'
(Font)                  OT1/cmtt/m/n --> OT1/lmtt/m/n on input line 34.
LaTeX Font Info:    Overwriting math alphabet `\mathbf' in version `bold'
(Font)                  OT1/cmr/bx/n --> OT1/lmr/bx/n on input line 35.
LaTeX Font Info:    Overwriting math alphabet `\mathsf' in version `bold'
(Font)                  OT1/cmss/bx/n --> OT1/lmss/bx/n on input line 36.
LaTeX Font Info:    Overwriting math alphabet `\mathit' in version `bold'
(Font)                  OT1/cmr/bx/it --> OT1/lmr/bx/it on input line 37.
LaTeX Font Info:    Overwriting math alphabet `\mathtt' in version `bold'
(Font)                  OT1/cmtt/m/n --> OT1/lmtt/m/n on input line 38.
)
(/usr/share/texlive/texmf-dist/tex/latex/polyglossia/polyglossia.sty
Package: polyglossia 2020/01/29 v1.47 Modern multilingual typesetting with XeLa
TeX and LuaLaTeX

(/usr/share/texlive/texmf-dist/tex/latex/etoolbox/etoolbox.sty
Package: etoolbox 2019/09/21 v2.5h e-TeX tools for LaTeX (JAW)
\etb@tempcnta=\count193
)
(/usr/share/texlive/texmf-dist/tex/latex/makecmds/makecmds.sty
Package: makecmds 2009/09/03 v1.0a extra command making commands
)
(/usr/share/texlive/texmf-dist/tex/latex/xkeyval/xkeyval.sty
Package: xkeyval 2014/12/03 v2.7a package option processing (HA)

(/usr/share/texlive/texmf-dist/tex/generic/xkeyval/xkeyval.tex
(/usr/share/texlive/texmf-dist/tex/generic/xkeyval/xkvutils.tex
\XKV@toks=\toks23
\XKV@tempa@toks=\toks24
)
\XKV@depth=\count194
File: xkeyval.tex 2014/12/03 v2.7a key=value parser (HA)
))
(/usr/share/texlive/texmf-dist/tex/latex/fontspec/fontspec.sty
(/usr/share/texlive/texmf-dist/tex/latex/l3packages/xparse/xparse.sty
(/usr/share/texlive/texmf-dist/tex/latex/l3kernel/expl3.sty
Package: expl3 2020-02-14 L3 programming layer (loader) 

(/usr/share/texlive/texmf-dist/tex/latex/l3backend/l3backend-xdvipdfmx.def
File: l3backend-xdvipdfmx.def 2020-02-03 L3 backend support: xdvipdfmx
\g__graphics_track_int=\count195
\l__pdf_internal_box=\box53
\g__pdf_backend_object_int=\count196
\g__pdf_backend_annotation_int=\count197
))
Package: xparse 2020-02-14 L3 Experimental document command parser
\l__xparse_current_arg_int=\count198
\g__xparse_grabber_int=\count199
\l__xparse_m_args_int=\count266
\l__xparse_v_nesting_int=\count267
)
Package: fontspec 2020/02/03 v2.7h Font selection for XeLaTeX and LuaLaTeX

(/usr/share/texlive/texmf-dist/tex/latex/fontspec/fontspec-xetex.sty
Package: fontspec-xetex 2020/02/03 v2.7h Font selection for XeLaTeX and LuaLaTe
X
\l__fontspec_script_int=\count268
\l__fontspec_language_int=\count269
\l__fontspec_strnum_int=\count270
\l__fontspec_tmp_int=\count271
\l__fontspec_tmpa_int=\count272
\l__fontspec_tmpb_int=\count273
\l__fontspec_tmpc_int=\count274
\l__fontspec_em_int=\count275
\l__fontspec_emdef_int=\count276
\l__fontspec_strong_int=\count277
\l__fontspec_strongdef_int=\count278
\l__fontspec_tmpa_dim=\dimen154
\l__fontspec_tmpb_dim=\dimen155
\l__fontspec_tmpc_dim=\dimen156

(/usr/share/texlive/texmf-dist/tex/latex/base/fontenc.sty
Package: fontenc 2020/02/11 v2.0o Standard LaTeX package
)
(/usr/share/texlive/texmf-dist/tex/latex/fontspec/fontspec.cfg)))
(/usr/share/texlive/texmf-dist/tex/generic/iftex/ifluatex.sty
Package: ifluatex 2019/10/25 v1.5 ifluatex legacy package. Use iftex instead.

(/usr/share/texlive/texmf-dist/tex/generic/iftex/iftex.sty
Package: iftex 2019/11/07 v1.0c TeX engine tests
))
(/usr/share/texlive/texmf-dist/tex/generic/iftex/ifxetex.sty
Package: ifxetex 2019/10/25 v0.7 ifxetex legacy package. Use iftex instead.
)
(/usr/share/texlive/texmf-dist/tex/latex/l3packages/l3keys2e/l3keys2e.sty
Package: l3keys2e 2020-02-14 LaTeX2e option processing using LaTeX3 keys
)
(/usr/share/texlive/texmf-dist/tex/latex/filehook/filehook.sty
Package: filehook 2020/02/03 v0.7 Hooks for input files

(/usr/share/texlive/texmf-dist/tex/latex/filehook/filehook-scrlfile.sty
Package: filehook-scrlfile 2020/02/02 v0.2 filehook patch for scrlfile package
Package filehook Info: Package 'scrlfile' detected and compensated for on input
 line 107.
))
\xpg@normalclass=\XeTeXcharclass1

(/usr/share/texlive/texmf-dist/tex/latex/polyglossia/gloss-latex.ldf
File: gloss-latex.ldf polyglossia: module for default language
The property list \polyglossia@langsetup contains the pairs (without outer
braces):
>  {latex/script}  =>  {latin}
>  {latex/lcscript}  =>  {latin}
>  {latex/scripttag}  =>  {}
>  {latex/language}  =>  {Latex}
>  {latex/langtag}  =>  {ENG}
>  {latex/bcp47}  =>  {}
>  {latex/hyphennames}  =>  {english}
>  {latex/direction}  =>  {LR}
>  {latex/hyphenmins}  =>  {2,3}
>  {latex/frenchspacing}  =>  {false}
>  {latex/indentfirst}  =>  {false}
>  {latex/fontsetup}  =>  {true}
>  {latex/envname}  =>  {latex}
>  {latex/babelname}  =>  {latex}
>  {latex/localnumeral}  =>  {polyglossia@C@localnumeral}
>  {latex/Localnumeral}  =>  {polyglossia@C@localnumeral}.
)
Package polyglossia Info: Default language is latex.
Package polyglossia Info: Option: localmarks.
)
(/usr/share/texlive/texmf-dist/tex/latex/morewrites/morewrites.sty
(/usr/share/texlive/texmf-dist/tex/latex/morewrites/primargs.sty
Package: primargs 2018/12/29 Parsing arguments of primitives
)
Package: morewrites 2018/12/29 Always room for a new write
\g__morewrites_later_int=\count279
\l__morewrites_user_int=\count280
\g__morewrites_iow=\write3
\g__morewrites_ior=\read2
\g__morewrites_group_level_int=\count281
\g__morewrites_shipout_box=\box54
\l__morewrites_collect_next_int=\count282
\g__morewrites_alloc_write_int=\count283
)
(/usr/share/texlive/texmf-dist/tex/latex/forest/forest.sty
Package: forest 2017/07/14 v2.1.5 Drawing (linguistic) trees

(/usr/share/texlive/texmf-dist/tex/latex/pgf/frontendlayer/tikz.sty
(/usr/share/texlive/texmf-dist/tex/latex/pgf/basiclayer/pgf.sty
(/usr/share/texlive/texmf-dist/tex/latex/pgf/utilities/pgfrcs.sty
(/usr/share/texlive/texmf-dist/tex/generic/pgf/utilities/pgfutil-common.tex
\pgfutil@everybye=\toks25
\pgfutil@tempdima=\dimen157
\pgfutil@tempdimb=\dimen158

(/usr/share/texlive/texmf-dist/tex/generic/pgf/utilities/pgfutil-common-lists.t
ex)) (/usr/share/texlive/texmf-dist/tex/generic/pgf/utilities/pgfutil-latex.def
\pgfutil@abb=\box55
(/usr/share/texlive/texmf-dist/tex/latex/ms/everyshi.sty
Package: everyshi 2001/05/15 v3.00 EveryShipout Package (MS)
))
(/usr/share/texlive/texmf-dist/tex/generic/pgf/utilities/pgfrcs.code.tex
(/usr/share/texlive/texmf-dist/tex/generic/pgf/pgf.revision.tex)
Package: pgfrcs 2020/01/08 v3.1.5b (3.1.5b)
))
Package: pgf 2020/01/08 v3.1.5b (3.1.5b)

(/usr/share/texlive/texmf-dist/tex/latex/pgf/basiclayer/pgfcore.sty
(/usr/share/texlive/texmf-dist/tex/latex/graphics/graphicx.sty
Package: graphicx 2019/11/30 v1.2a Enhanced LaTeX Graphics (DPC,SPQR)

(/usr/share/texlive/texmf-dist/tex/latex/graphics/graphics.sty
Package: graphics 2019/11/30 v1.4a Standard LaTeX Graphics (DPC,SPQR)

(/usr/share/texlive/texmf-dist/tex/latex/graphics/trig.sty
Package: trig 2016/01/03 v1.10 sin cos tan (DPC)
)
(/usr/share/texlive/texmf-dist/tex/latex/graphics-cfg/graphics.cfg
File: graphics.cfg 2016/06/04 v1.11 sample graphics configuration
)
Package graphics Info: Driver file: xetex.def on input line 105.

(/usr/share/texlive/texmf-dist/tex/latex/graphics-def/xetex.def
File: xetex.def 2017/06/24 v5.0h Graphics/color driver for xetex
))
\Gin@req@height=\dimen159
\Gin@req@width=\dimen160
)
(/usr/share/texlive/texmf-dist/tex/latex/pgf/systemlayer/pgfsys.sty
(/usr/share/texlive/texmf-dist/tex/generic/pgf/systemlayer/pgfsys.code.tex
Package: pgfsys 2020/01/08 v3.1.5b (3.1.5b)

(/usr/share/texlive/texmf-dist/tex/generic/pgf/utilities/pgfkeys.code.tex
\pgfkeys@pathtoks=\toks26
\pgfkeys@temptoks=\toks27

(/usr/share/texlive/texmf-dist/tex/generic/pgf/utilities/pgfkeysfiltered.code.t
ex
\pgfkeys@tmptoks=\toks28
))
\pgf@x=\dimen161
\pgf@y=\dimen162
\pgf@xa=\dimen163
\pgf@ya=\dimen164
\pgf@xb=\dimen165
\pgf@yb=\dimen166
\pgf@xc=\dimen167
\pgf@yc=\dimen168
\pgf@xd=\dimen169
\pgf@yd=\dimen170
\w@pgf@writea=\write19
\r@pgf@reada=\read3
\c@pgf@counta=\count284
\c@pgf@countb=\count285
\c@pgf@countc=\count286
\c@pgf@countd=\count287
\t@pgf@toka=\toks29
\t@pgf@tokb=\toks30
\t@pgf@tokc=\toks31
\pgf@sys@id@count=\count288
 (/usr/share/texlive/texmf-dist/tex/generic/pgf/systemlayer/pgf.cfg
File: pgf.cfg 2020/01/08 v3.1.5b (3.1.5b)
)
Driver file for pgf: pgfsys-xetex.def

(/usr/share/texlive/texmf-dist/tex/generic/pgf/systemlayer/pgfsys-xetex.def
File: pgfsys-xetex.def 2020/01/08 v3.1.5b (3.1.5b)

(/usr/share/texlive/texmf-dist/tex/generic/pgf/systemlayer/pgfsys-dvipdfmx.def
File: pgfsys-dvipdfmx.def 2020/01/08 v3.1.5b (3.1.5b)

(/usr/share/texlive/texmf-dist/tex/generic/pgf/systemlayer/pgfsys-common-pdf.de
f
File: pgfsys-common-pdf.def 2020/01/08 v3.1.5b (3.1.5b)
)
\pgfsys@objnum=\count289
)))
(/usr/share/texlive/texmf-dist/tex/generic/pgf/systemlayer/pgfsyssoftpath.code.
tex
File: pgfsyssoftpath.code.tex 2020/01/08 v3.1.5b (3.1.5b)
\pgfsyssoftpath@smallbuffer@items=\count290
\pgfsyssoftpath@bigbuffer@items=\count291
)
(/usr/share/texlive/texmf-dist/tex/generic/pgf/systemlayer/pgfsysprotocol.code.
tex
File: pgfsysprotocol.code.tex 2020/01/08 v3.1.5b (3.1.5b)
)) (/usr/share/texlive/texmf-dist/tex/latex/xcolor/xcolor.sty
Package: xcolor 2016/05/11 v2.12 LaTeX color extensions (UK)

(/usr/share/texlive/texmf-dist/tex/latex/graphics-cfg/color.cfg
File: color.cfg 2016/01/02 v1.6 sample color configuration
)
Package xcolor Info: Driver file: xetex.def on input line 225.
Package xcolor Info: Model `cmy' substituted by `cmy0' on input line 1348.
Package xcolor Info: Model `RGB' extended on input line 1364.
Package xcolor Info: Model `HTML' substituted by `rgb' on input line 1366.
Package xcolor Info: Model `Hsb' substituted by `hsb' on input line 1367.
Package xcolor Info: Model `tHsb' substituted by `hsb' on input line 1368.
Package xcolor Info: Model `HSB' substituted by `hsb' on input line 1369.
Package xcolor Info: Model `Gray' substituted by `gray' on input line 1370.
Package xcolor Info: Model `wave' substituted by `hsb' on input line 1371.
)
(/usr/share/texlive/texmf-dist/tex/generic/pgf/basiclayer/pgfcore.code.tex
Package: pgfcore 2020/01/08 v3.1.5b (3.1.5b)

(/usr/share/texlive/texmf-dist/tex/generic/pgf/math/pgfmath.code.tex
(/usr/share/texlive/texmf-dist/tex/generic/pgf/math/pgfmathcalc.code.tex
(/usr/share/texlive/texmf-dist/tex/generic/pgf/math/pgfmathutil.code.tex)
(/usr/share/texlive/texmf-dist/tex/generic/pgf/math/pgfmathparser.code.tex
\pgfmath@dimen=\dimen171
\pgfmath@count=\count292
\pgfmath@box=\box56
\pgfmath@toks=\toks32
\pgfmath@stack@operand=\toks33
\pgfmath@stack@operation=\toks34
)
(/usr/share/texlive/texmf-dist/tex/generic/pgf/math/pgfmathfunctions.code.tex
(/usr/share/texlive/texmf-dist/tex/generic/pgf/math/pgfmathfunctions.basic.code
.tex)
(/usr/share/texlive/texmf-dist/tex/generic/pgf/math/pgfmathfunctions.trigonomet
ric.code.tex)
(/usr/share/texlive/texmf-dist/tex/generic/pgf/math/pgfmathfunctions.random.cod
e.tex)
(/usr/share/texlive/texmf-dist/tex/generic/pgf/math/pgfmathfunctions.comparison
.code.tex)
(/usr/share/texlive/texmf-dist/tex/generic/pgf/math/pgfmathfunctions.base.code.
tex)
(/usr/share/texlive/texmf-dist/tex/generic/pgf/math/pgfmathfunctions.round.code
.tex)
(/usr/share/texlive/texmf-dist/tex/generic/pgf/math/pgfmathfunctions.misc.code.
tex)
(/usr/share/texlive/texmf-dist/tex/generic/pgf/math/pgfmathfunctions.integerari
thmetics.code.tex)))
(/usr/share/texlive/texmf-dist/tex/generic/pgf/math/pgfmathfloat.code.tex
\c@pgfmathroundto@lastzeros=\count293
))
(/usr/share/texlive/texmf-dist/tex/generic/pgf/math/pgfint.code.tex)
(/usr/share/texlive/texmf-dist/tex/generic/pgf/basiclayer/pgfcorepoints.code.te
x
File: pgfcorepoints.code.tex 2020/01/08 v3.1.5b (3.1.5b)
\pgf@picminx=\dimen172
\pgf@picmaxx=\dimen173
\pgf@picminy=\dimen174
\pgf@picmaxy=\dimen175
\pgf@pathminx=\dimen176
\pgf@pathmaxx=\dimen177
\pgf@pathminy=\dimen178
\pgf@pathmaxy=\dimen179
\pgf@xx=\dimen180
\pgf@xy=\dimen181
\pgf@yx=\dimen182
\pgf@yy=\dimen183
\pgf@zx=\dimen184
\pgf@zy=\dimen185
)
(/usr/share/texlive/texmf-dist/tex/generic/pgf/basiclayer/pgfcorepathconstruct.
code.tex
File: pgfcorepathconstruct.code.tex 2020/01/08 v3.1.5b (3.1.5b)
\pgf@path@lastx=\dimen186
\pgf@path@lasty=\dimen187
)
(/usr/share/texlive/texmf-dist/tex/generic/pgf/basiclayer/pgfcorepathusage.code
.tex
File: pgfcorepathusage.code.tex 2020/01/08 v3.1.5b (3.1.5b)
\pgf@shorten@end@additional=\dimen188
\pgf@shorten@start@additional=\dimen189
)
(/usr/share/texlive/texmf-dist/tex/generic/pgf/basiclayer/pgfcorescopes.code.te
x
File: pgfcorescopes.code.tex 2020/01/08 v3.1.5b (3.1.5b)
\pgfpic=\box57
\pgf@hbox=\box58
\pgf@layerbox@main=\box59
\pgf@picture@serial@count=\count294
)
(/usr/share/texlive/texmf-dist/tex/generic/pgf/basiclayer/pgfcoregraphicstate.c
ode.tex
File: pgfcoregraphicstate.code.tex 2020/01/08 v3.1.5b (3.1.5b)
\pgflinewidth=\dimen190
)
(/usr/share/texlive/texmf-dist/tex/generic/pgf/basiclayer/pgfcoretransformation
s.code.tex
File: pgfcoretransformations.code.tex 2020/01/08 v3.1.5b (3.1.5b)
\pgf@pt@x=\dimen191
\pgf@pt@y=\dimen192
\pgf@pt@temp=\dimen193
)
(/usr/share/texlive/texmf-dist/tex/generic/pgf/basiclayer/pgfcorequick.code.tex
File: pgfcorequick.code.tex 2020/01/08 v3.1.5b (3.1.5b)
)
(/usr/share/texlive/texmf-dist/tex/generic/pgf/basiclayer/pgfcoreobjects.code.t
ex
File: pgfcoreobjects.code.tex 2020/01/08 v3.1.5b (3.1.5b)
)
(/usr/share/texlive/texmf-dist/tex/generic/pgf/basiclayer/pgfcorepathprocessing
.code.tex
File: pgfcorepathprocessing.code.tex 2020/01/08 v3.1.5b (3.1.5b)
)
(/usr/share/texlive/texmf-dist/tex/generic/pgf/basiclayer/pgfcorearrows.code.te
x
File: pgfcorearrows.code.tex 2020/01/08 v3.1.5b (3.1.5b)
\pgfarrowsep=\dimen194
)
(/usr/share/texlive/texmf-dist/tex/generic/pgf/basiclayer/pgfcoreshade.code.tex
File: pgfcoreshade.code.tex 2020/01/08 v3.1.5b (3.1.5b)
\pgf@max=\dimen195
\pgf@sys@shading@range@num=\count295
\pgf@shadingcount=\count296
)
(/usr/share/texlive/texmf-dist/tex/generic/pgf/basiclayer/pgfcoreimage.code.tex
File: pgfcoreimage.code.tex 2020/01/08 v3.1.5b (3.1.5b)

(/usr/share/texlive/texmf-dist/tex/generic/pgf/basiclayer/pgfcoreexternal.code.
tex
File: pgfcoreexternal.code.tex 2020/01/08 v3.1.5b (3.1.5b)
\pgfexternal@startupbox=\box60
))
(/usr/share/texlive/texmf-dist/tex/generic/pgf/basiclayer/pgfcorelayers.code.te
x
File: pgfcorelayers.code.tex 2020/01/08 v3.1.5b (3.1.5b)
)
(/usr/share/texlive/texmf-dist/tex/generic/pgf/basiclayer/pgfcoretransparency.c
ode.tex
File: pgfcoretransparency.code.tex 2020/01/08 v3.1.5b (3.1.5b)
)
(/usr/share/texlive/texmf-dist/tex/generic/pgf/basiclayer/pgfcorepatterns.code.
tex
File: pgfcorepatterns.code.tex 2020/01/08 v3.1.5b (3.1.5b)
)
(/usr/share/texlive/texmf-dist/tex/generic/pgf/basiclayer/pgfcorerdf.code.tex
File: pgfcorerdf.code.tex 2020/01/08 v3.1.5b (3.1.5b)
)))
(/usr/share/texlive/texmf-dist/tex/generic/pgf/modules/pgfmoduleshapes.code.tex
File: pgfmoduleshapes.code.tex 2020/01/08 v3.1.5b (3.1.5b)
\pgfnodeparttextbox=\box61
) (/usr/share/texlive/texmf-dist/tex/generic/pgf/modules/pgfmoduleplot.code.tex
File: pgfmoduleplot.code.tex 2020/01/08 v3.1.5b (3.1.5b)
)
(/usr/share/texlive/texmf-dist/tex/latex/pgf/compatibility/pgfcomp-version-0-65
.sty
Package: pgfcomp-version-0-65 2020/01/08 v3.1.5b (3.1.5b)
\pgf@nodesepstart=\dimen196
\pgf@nodesepend=\dimen197
)
(/usr/share/texlive/texmf-dist/tex/latex/pgf/compatibility/pgfcomp-version-1-18
.sty
Package: pgfcomp-version-1-18 2020/01/08 v3.1.5b (3.1.5b)
)) (/usr/share/texlive/texmf-dist/tex/latex/pgf/utilities/pgffor.sty
(/usr/share/texlive/texmf-dist/tex/latex/pgf/utilities/pgfkeys.sty
(/usr/share/texlive/texmf-dist/tex/generic/pgf/utilities/pgfkeys.code.tex))
(/usr/share/texlive/texmf-dist/tex/latex/pgf/math/pgfmath.sty
(/usr/share/texlive/texmf-dist/tex/generic/pgf/math/pgfmath.code.tex))
(/usr/share/texlive/texmf-dist/tex/generic/pgf/utilities/pgffor.code.tex
Package: pgffor 2020/01/08 v3.1.5b (3.1.5b)

(/usr/share/texlive/texmf-dist/tex/generic/pgf/math/pgfmath.code.tex)
\pgffor@iter=\dimen198
\pgffor@skip=\dimen199
\pgffor@stack=\toks35
\pgffor@toks=\toks36
))
(/usr/share/texlive/texmf-dist/tex/generic/pgf/frontendlayer/tikz/tikz.code.tex
Package: tikz 2020/01/08 v3.1.5b (3.1.5b)

(/usr/share/texlive/texmf-dist/tex/generic/pgf/libraries/pgflibraryplothandlers
.code.tex
File: pgflibraryplothandlers.code.tex 2020/01/08 v3.1.5b (3.1.5b)
\pgf@plot@mark@count=\count297
\pgfplotmarksize=\dimen256
)
\tikz@lastx=\dimen257
\tikz@lasty=\dimen258
\tikz@lastxsaved=\dimen259
\tikz@lastysaved=\dimen260
\tikz@lastmovetox=\dimen261
\tikz@lastmovetoy=\dimen262
\tikzleveldistance=\dimen263
\tikzsiblingdistance=\dimen264
\tikz@figbox=\box62
\tikz@figbox@bg=\box63
\tikz@tempbox=\box64
\tikz@tempbox@bg=\box65
\tikztreelevel=\count298
\tikznumberofchildren=\count299
\tikznumberofcurrentchild=\count300
\tikz@fig@count=\count301

(/usr/share/texlive/texmf-dist/tex/generic/pgf/modules/pgfmodulematrix.code.tex
File: pgfmodulematrix.code.tex 2020/01/08 v3.1.5b (3.1.5b)
\pgfmatrixcurrentrow=\count302
\pgfmatrixcurrentcolumn=\count303
\pgf@matrix@numberofcolumns=\count304
)
\tikz@expandcount=\count305

(/usr/share/texlive/texmf-dist/tex/generic/pgf/frontendlayer/tikz/libraries/tik
zlibrarytopaths.code.tex
File: tikzlibrarytopaths.code.tex 2020/01/08 v3.1.5b (3.1.5b)
)))
(/usr/share/texlive/texmf-dist/tex/generic/pgf/frontendlayer/tikz/libraries/tik
zlibraryshapes.code.tex
File: tikzlibraryshapes.code.tex 2020/01/08 v3.1.5b (3.1.5b)

(/usr/share/texlive/texmf-dist/tex/generic/pgf/frontendlayer/tikz/libraries/tik
zlibraryshapes.geometric.code.tex
File: tikzlibraryshapes.geometric.code.tex 2020/01/08 v3.1.5b (3.1.5b)

(/usr/share/texlive/texmf-dist/tex/generic/pgf/libraries/shapes/pgflibraryshape
s.geometric.code.tex
File: pgflibraryshapes.geometric.code.tex 2020/01/08 v3.1.5b (3.1.5b)
))
(/usr/share/texlive/texmf-dist/tex/generic/pgf/frontendlayer/tikz/libraries/tik
zlibraryshapes.misc.code.tex
File: tikzlibraryshapes.misc.code.tex 2020/01/08 v3.1.5b (3.1.5b)

(/usr/share/texlive/texmf-dist/tex/generic/pgf/libraries/shapes/pgflibraryshape
s.misc.code.tex
File: pgflibraryshapes.misc.code.tex 2020/01/08 v3.1.5b (3.1.5b)
))
(/usr/share/texlive/texmf-dist/tex/generic/pgf/frontendlayer/tikz/libraries/tik
zlibraryshapes.symbols.code.tex
File: tikzlibraryshapes.symbols.code.tex 2020/01/08 v3.1.5b (3.1.5b)

(/usr/share/texlive/texmf-dist/tex/generic/pgf/libraries/shapes/pgflibraryshape
s.symbols.code.tex
File: pgflibraryshapes.symbols.code.tex 2020/01/08 v3.1.5b (3.1.5b)
))
(/usr/share/texlive/texmf-dist/tex/generic/pgf/frontendlayer/tikz/libraries/tik
zlibraryshapes.arrows.code.tex
File: tikzlibraryshapes.arrows.code.tex 2020/01/08 v3.1.5b (3.1.5b)

(/usr/share/texlive/texmf-dist/tex/generic/pgf/libraries/shapes/pgflibraryshape
s.arrows.code.tex
File: pgflibraryshapes.arrows.code.tex 2020/01/08 v3.1.5b (3.1.5b)
))
(/usr/share/texlive/texmf-dist/tex/generic/pgf/frontendlayer/tikz/libraries/tik
zlibraryshapes.callouts.code.tex
(/usr/share/texlive/texmf-dist/tex/generic/pgf/libraries/shapes/pgflibraryshape
s.callouts.code.tex))
(/usr/share/texlive/texmf-dist/tex/generic/pgf/frontendlayer/tikz/libraries/tik
zlibraryshapes.multipart.code.tex
File: tikzlibraryshapes.multipart.code.tex 2020/01/08 v3.1.5b (3.1.5b)

(/usr/share/texlive/texmf-dist/tex/generic/pgf/libraries/shapes/pgflibraryshape
s.multipart.code.tex
File: pgflibraryshapes.multipart.code.tex 2020/01/08 v3.1.5b (3.1.5b)
\pgfnodepartlowerbox=\box66
\pgfnodeparttwobox=\box67
\pgfnodepartthreebox=\box68
\pgfnodepartfourbox=\box69
\pgfnodeparttwentybox=\box70
\pgfnodepartnineteenbox=\box71
\pgfnodeparteighteenbox=\box72
\pgfnodepartseventeenbox=\box73
\pgfnodepartsixteenbox=\box74
\pgfnodepartfifteenbox=\box75
\pgfnodepartfourteenbox=\box76
\pgfnodepartthirteenbox=\box77
\pgfnodeparttwelvebox=\box78
\pgfnodepartelevenbox=\box79
\pgfnodeparttenbox=\box80
\pgfnodepartninebox=\box81
\pgfnodeparteightbox=\box82
\pgfnodepartsevenbox=\box83
\pgfnodepartsixbox=\box84
\pgfnodepartfivebox=\box85
)))
(/usr/share/texlive/texmf-dist/tex/generic/pgf/frontendlayer/tikz/libraries/tik
zlibraryfit.code.tex
File: tikzlibraryfit.code.tex 2020/01/08 v3.1.5b (3.1.5b)
)
(/usr/share/texlive/texmf-dist/tex/generic/pgf/frontendlayer/tikz/libraries/tik
zlibrarycalc.code.tex
File: tikzlibrarycalc.code.tex 2020/01/08 v3.1.5b (3.1.5b)
)
(/usr/share/texlive/texmf-dist/tex/generic/pgf/libraries/pgflibraryintersection
s.code.tex
(/usr/share/texlive/texmf-dist/tex/generic/pgf/libraries/pgflibraryfpu.code.tex
)
\pgf@intersect@solutions=\count306
) (/usr/share/texlive/texmf-dist/tex/latex/pgfopts/pgfopts.sty
Package: pgfopts 2014/07/10 v2.1a LaTeX package options with pgfkeys
\pgfopts@list@add@a@toks=\toks37
\pgfopts@list@add@b@toks=\toks38
)
(/usr/share/texlive/texmf-dist/tex/latex/elocalloc/elocalloc.sty
Package: elocalloc 2016/12/15 v0.03 local allocation for LaTeX 2015+ (DPC)
)
(/usr/share/texlive/texmf-dist/tex/latex/environ/environ.sty
Package: environ 2014/05/04 v0.3 A new way to define environments

(/usr/share/texlive/texmf-dist/tex/latex/trimspaces/trimspaces.sty
Package: trimspaces 2009/09/17 v1.1 Trim spaces around a token list
))
(/usr/share/texlive/texmf-dist/tex/latex/inlinedef/inlinedef.sty
Package: inlinedef 2008/07/10 v1.0 Inlined expansions within definitions
\ID@toks=\toks39
\ID@count=\count307
)
\ID@usercommands=\toks40
\safeloop@depth=\count308
\safeRKloop@depth=\count309
\forest@temp@dimen=\dimen265
\forest@temp@count=\count310
\forest@n=\count311
\forest@temp@global@count=\count312
\forest@temp@toks=\toks41
\forest@temparray@M=\count313
\forest@temparray@N=\count314
\forest@global@temparray@M=\count315
\forest@global@temparray@N=\count316
\forest@isnum@count=\count317
\forest@isdim@nonintpart=\count318
\forest@isdim@dimen=\dimen266
\forest@sort@m=\count319
\forest@sort@k=\count320
\forest@sort@p=\count321
\bracket@content=\toks42
\bracket@afterthought=\toks43
\forest@node@maxid=\count322
\forest@process@left@M=\count323
\forest@process@left@N=\count324
\forest@process@right@M=\count325
\forest@process@right@N=\count326
\forest@process@saved@M=\count327
\forest@process@saved@N=\count328
\forest@process@result@M=\count329
\forest@process@result@N=\count330
\forest@process@n=\count331
\forest@nodewalk@branch@toks=\toks44
\forest@nodewalk@shortsteps@resolution=\toks45
\forest@do@dynamics=\toks46
\forest@box=\box86
\forest@xg=\dimen267
\forest@yg=\dimen268
\forest@xs=\dimen269
\forest@ys=\dimen270
\forest@pi@toks=\toks47
\forest@segment@toks=\toks48
\forest@PIi@toks=\toks49
\forest@PIii@toks=\toks50
\forest@copy@in=\read4
\forest@copy@out=\write20
\forest@externalize@max@outer@n=\count332
\forest@externalize@inner@n=\count333
)
(/usr/share/texlive/texmf-dist/tex/latex/setspace/setspace.sty
Package: setspace 2011/12/19 v6.7a set line spacing
)
(/usr/share/texlive/texmf-dist/tex/latex/appendix/appendix.sty
Package: appendix 2020/02/08 v1.2c extra appendix facilities
\c@@pps=\count334
\c@@ppsavesec=\count335
\c@@ppsaveapp=\count336
)
(/usr/share/texlive/texmf-dist/tex/latex/multirow/multirow.sty
Package: multirow 2019/05/31 v2.5 Span multiple rows of a table
\multirow@colwidth=\skip74
\multirow@cntb=\count337
\multirow@dima=\skip75
\bigstrutjot=\dimen271
)
(/usr/share/texlive/texmf-dist/tex/latex/multirow/bigdelim.sty
Package: bigdelim 2019/05/31 v2.5 Create big delimiters in tabular or array
)
(/usr/share/texlive/texmf-dist/tex/latex/parnotes/parnotes.sty
Package: parnotes 2019/07/23 rev. 3b Notes after every paragraph, or elsewhere
\c@parnotemark=\count338
)
(/usr/share/texlive/texmf-dist/tex/latex/l3packages/xfrac/xfrac.sty
(/usr/share/texlive/texmf-dist/tex/latex/base/textcomp.sty
Package: textcomp 2020/02/02 v2.0n Standard LaTeX package
)
(/usr/share/texlive/texmf-dist/tex/latex/l3packages/xtemplate/xtemplate.sty
Package: xtemplate 2020-02-14 L3 Experimental prototype document functions
\l__xtemplate_tmp_dim=\dimen272
\l__xtemplate_tmp_int=\count339
\l__xtemplate_tmp_muskip=\muskip17
\l__xtemplate_tmp_skip=\skip76
)
Package: xfrac 2020-02-14 L3 Experimental split-level fractions
\l__xfrac_slash_box=\box87
\l__xfrac_tmp_box=\box88
\l__xfrac_denominator_bot_sep_dim=\dimen273
\l__xfrac_numerator_bot_sep_dim=\dimen274
\l__xfrac_numerator_top_sep_dim=\dimen275
\l__xfrac_slash_left_sep_dim=\dimen276
\l__xfrac_slash_right_sep_dim=\dimen277
\l__xfrac_slash_left_muskip=\muskip18
\l__xfrac_slash_right_muskip=\muskip19

Package xtemplate Info: Declaring object type 'xfrac' taking 3 argument(s) on
(xtemplate)             line 80.

)
(/usr/share/texlive/texmf-dist/tex/latex/tools/array.sty
Package: array 2019/08/31 v2.4l Tabular extension package (FMi)
\col@sep=\dimen278
\ar@mcellbox=\box89
\extrarowheight=\dimen279
\NC@list=\toks51
\extratabsurround=\skip77
\backup@length=\skip78
\ar@cellbox=\box90
)
(/usr/share/texlive/texmf-dist/tex/latex/booktabs/booktabs.sty
Package: booktabs 2020/01/12 v1.61803398 Publication quality tables
\heavyrulewidth=\dimen280
\lightrulewidth=\dimen281
\cmidrulewidth=\dimen282
\belowrulesep=\dimen283
\belowbottomsep=\dimen284
\aboverulesep=\dimen285
\abovetopsep=\dimen286
\cmidrulesep=\dimen287
\cmidrulekern=\dimen288
\defaultaddspace=\dimen289
\@cmidla=\count340
\@cmidlb=\count341
\@aboverulesep=\dimen290
\@belowrulesep=\dimen291
\@thisruleclass=\count342
\@lastruleclass=\count343
\@thisrulewidth=\dimen292
)
(/usr/share/texlive/texmf-dist/tex/latex/natbib/natbib.sty
Package: natbib 2010/09/13 8.31b (PWD, AO)
\bibhang=\skip79
\bibsep=\skip80
LaTeX Info: Redefining \cite on input line 694.
\c@NAT@ctr=\count344
)
(/usr/share/texlive/texmf-dist/tex/latex/polyglossia/gloss-english.ldf
File: gloss-english.ldf polyglossia: module for english
The property list \polyglossia@langsetup contains the pairs (without outer
braces):
>  {latex/script}  =>  {latin}
>  {latex/lcscript}  =>  {latin}
>  {latex/scripttag}  =>  {}
>  {latex/language}  =>  {Latex}
>  {latex/langtag}  =>  {ENG}
>  {latex/bcp47}  =>  {}
>  {latex/hyphennames}  =>  {english}
>  {latex/direction}  =>  {LR}
>  {latex/hyphenmins}  =>  {2,3}
>  {latex/frenchspacing}  =>  {false}
>  {latex/indentfirst}  =>  {false}
>  {latex/fontsetup}  =>  {true}
>  {latex/envname}  =>  {latex}
>  {latex/babelname}  =>  {latex}
>  {latex/localnumeral}  =>  {polyglossia@C@localnumeral}
>  {latex/Localnumeral}  =>  {polyglossia@C@localnumeral}
>  {english/script}  =>  {latin}
>  {english/lcscript}  =>  {latin}
>  {english/scripttag}  =>  {}
>  {english/language}  =>  {English}
>  {english/langtag}  =>  {ENG}
>  {english/bcp47}  =>  {en-US}
>  {english/hyphennames}  =>  {english,american,usenglish,USenglish}
>  {english/direction}  =>  {LR}
>  {english/hyphenmins}  =>  {2,3}
>  {english/frenchspacing}  =>  {false}
>  {english/indentfirst}  =>  {false}
>  {english/fontsetup}  =>  {true}
>  {english/envname}  =>  {english}
>  {english/babelname}  =>  {english}
>  {english/localnumeral}  =>  {polyglossia@C@localnumeral}
>  {english/Localnumeral}  =>  {polyglossia@C@localnumeral}.
Package polyglossia Info: Option: English, variant=american.
)
Package polyglossia Info: Default language is english.

(/usr/share/texlive/texmf-dist/tex/xelatex/xecjk/xeCJK.sty
Package: xeCJK 2020/02/14 v3.8.1 Typesetting CJK scripts with XeLaTeX
\l__xeCJK_tmp_int=\count345
\l__xeCJK_tmp_box=\box91
\l__xeCJK_tmp_dim=\dimen293
\l__xeCJK_tmp_skip=\skip81
\g__xeCJK_space_factor_int=\count346
\l__xeCJK_begin_int=\count347
\l__xeCJK_end_int=\count348
\c__xeCJK_CJK_class_int=\XeTeXcharclass2
\c__xeCJK_FullLeft_class_int=\XeTeXcharclass3
\c__xeCJK_FullRight_class_int=\XeTeXcharclass4
\c__xeCJK_HalfLeft_class_int=\XeTeXcharclass5
\c__xeCJK_HalfRight_class_int=\XeTeXcharclass6
\c__xeCJK_NormalSpace_class_int=\XeTeXcharclass7
\c__xeCJK_CM_class_int=\XeTeXcharclass8
\c__xeCJK_HangulJamo_class_int=\XeTeXcharclass9
\l__xeCJK_last_skip=\skip82
\g__xeCJK_node_int=\count349
\c__xeCJK_CJK_node_dim=\dimen294
\c__xeCJK_CJK-space_node_dim=\dimen295
\c__xeCJK_default_node_dim=\dimen296
\c__xeCJK_default-space_node_dim=\dimen297
\c__xeCJK_CJK-widow_node_dim=\dimen298
\c__xeCJK_normalspace_node_dim=\dimen299
\l__xeCJK_ccglue_skip=\skip83
\l__xeCJK_ecglue_skip=\skip84
\l__xeCJK_punct_kern_skip=\skip85
\l__xeCJK_last_penalty_int=\count350
\l__xeCJK_last_bound_dim=\dimen300
\l__xeCJK_last_kern_dim=\dimen301
\l__xeCJK_widow_penalty_int=\count351

Package xtemplate Info: Declaring object type 'xeCJK/punctuation' taking 0
(xtemplate)             argument(s) on line 2302.

\l__xeCJK_fixed_punct_width_dim=\dimen302
\l__xeCJK_mixed_punct_width_dim=\dimen303
\l__xeCJK_middle_punct_width_dim=\dimen304
\l__xeCJK_fixed_margin_width_dim=\dimen305
\l__xeCJK_mixed_margin_width_dim=\dimen306
\l__xeCJK_middle_margin_width_dim=\dimen307
\l__xeCJK_bound_punct_width_dim=\dimen308
\l__xeCJK_bound_margin_width_dim=\dimen309
\l__xeCJK_margin_minimum_dim=\dimen310
\l__xeCJK_kerning_total_width_dim=\dimen311
\l__xeCJK_same_align_margin_dim=\dimen312
\l__xeCJK_different_align_margin_dim=\dimen313
\l__xeCJK_kerning_margin_width_dim=\dimen314
\l__xeCJK_kerning_margin_minimum_dim=\dimen315
\l__xeCJK_bound_dim=\dimen316
\l__xeCJK_reverse_bound_dim=\dimen317
\l__xeCJK_margin_dim=\dimen318
\l__xeCJK_minimum_bound_dim=\dimen319
\l__xeCJK_kerning_margin_dim=\dimen320
\g__xeCJK_family_int=\count352
\l__xeCJK_fam_int=\count353
\g__xeCJK_fam_allocation_int=\count354
\l__xeCJK_verb_case_int=\count355
\l__xeCJK_verb_exspace_skip=\skip86

(/usr/share/texlive/texmf-dist/tex/xelatex/xecjk/xeCJK.cfg
File: xeCJK.cfg 2020/02/14 v3.8.1 Configuration file for xeCJK package
))

Package fontspec Info: Could not resolve font "SimHei/I" (it probably doesn't
(fontspec)             exist).


Package fontspec Info: Could not resolve font "SimSun/BI" (it probably doesn't
(fontspec)             exist).


Package fontspec Info: Could not resolve font "SimSun/I" (it probably doesn't
(fontspec)             exist).


Package fontspec Info: Font family 'SimSun(0)' created for font 'SimSun' with
(fontspec)             options [Script={CJK},BoldFont={SimHei}].
(fontspec)              
(fontspec)              This font family consists of the following NFSS
(fontspec)             series/shapes:
(fontspec)              
(fontspec)             - 'normal' (m/n) with NFSS spec.:
(fontspec)             <->"SimSun/OT:script=hani;language=dflt;"
(fontspec)             - 'small caps'  (m/sc) with NFSS spec.: 
(fontspec)             - 'bold' (b/n) with NFSS spec.:
(fontspec)             <->"SimHei/OT:script=hani;language=dflt;"
(fontspec)             - 'bold small caps'  (b/sc) with NFSS spec.: 


(/usr/share/texlive/texmf-dist/tex/latex/marginnote/marginnote.sty
Package: marginnote 2018/08/09 v1.4b non floating margin notes for LaTeX
\c@mn@abspage=\count356
)
(/usr/share/texlive/texmf-dist/tex/latex/geometry/geometry.sty
Package: geometry 2020/01/02 v5.9 Page Geometry

(/usr/share/texlive/texmf-dist/tex/generic/iftex/ifvtex.sty
Package: ifvtex 2019/10/25 v1.7 ifvtex legacy package. Use iftex instead.
)
\Gm@cnth=\count357
\Gm@cntv=\count358
\c@Gm@tempcnt=\count359
\Gm@bindingoffset=\dimen321
\Gm@wd@mp=\dimen322
\Gm@odd@mp=\dimen323
\Gm@even@mp=\dimen324
\Gm@layoutwidth=\dimen325
\Gm@layoutheight=\dimen326
\Gm@layouthoffset=\dimen327
\Gm@layoutvoffset=\dimen328
\Gm@dimlist=\toks52
)
(/usr/share/texlive/texmf-dist/tex/latex/footmisc/footmisc.sty
Package: footmisc 2011/06/06 v5.5b a miscellany of footnote facilities
\FN@temptoken=\toks53
\footnotemargin=\dimen329
\c@pp@next@reset=\count360
\c@@fnserial=\count361
Package footmisc Info: Declaring symbol style bringhurst on input line 855.
Package footmisc Info: Declaring symbol style chicago on input line 863.
Package footmisc Info: Declaring symbol style wiley on input line 872.
Package footmisc Info: Declaring symbol style lamport-robust on input line 883.

Package footmisc Info: Declaring symbol style lamport* on input line 903.
Package footmisc Info: Declaring symbol style lamport*-robust on input line 924
.
)
(/usr/share/texlive/texmf-dist/tex/latex/endnotes/endnotes.sty
Invalid UTF-8 byte or sequence at line 118 replaced by U+FFFD.
Invalid UTF-8 byte or sequence at line 118 replaced by U+FFFD.
Invalid UTF-8 byte or sequence at line 121 replaced by U+FFFD.
Invalid UTF-8 byte or sequence at line 121 replaced by U+FFFD.
Package: endnotes 2020-01-02 endnotes package
\c@endnote=\count362
\endnotesep=\dimen330
\@enotes=\write21
)
(/usr/share/texlive/texmf-dist/tex/latex/changepage/changepage.sty
Package: changepage 2009/10/20 v1.0c check page and change page layout
\c@cp@cntr=\count363
\cp@tempcnt=\count364
)
(/usr/share/texlive/texmf-dist/tex/latex/hyperref/hyperref.sty
Package: hyperref 2020/01/14 v7.00d Hypertext links for LaTeX

(/usr/share/texlive/texmf-dist/tex/generic/ltxcmds/ltxcmds.sty
Package: ltxcmds 2019/12/15 v1.24 LaTeX kernel commands for general use (HO)
)
(/usr/share/texlive/texmf-dist/tex/latex/pdftexcmds/pdftexcmds.sty
Package: pdftexcmds 2019/11/24 v0.31 Utility functions of pdfTeX for LuaTeX (HO
)

(/usr/share/texlive/texmf-dist/tex/generic/infwarerr/infwarerr.sty
Package: infwarerr 2019/12/03 v1.5 Providing info/warning/error messages (HO)
)
Package pdftexcmds Info: \pdf@primitive is available.
Package pdftexcmds Info: \pdf@ifprimitive is available.
Package pdftexcmds Info: \pdfdraftmode not found.
)
(/usr/share/texlive/texmf-dist/tex/generic/kvsetkeys/kvsetkeys.sty
Package: kvsetkeys 2019/12/15 v1.18 Key value parser (HO)
)
(/usr/share/texlive/texmf-dist/tex/generic/kvdefinekeys/kvdefinekeys.sty
Package: kvdefinekeys 2019-12-19 v1.6 Define keys (HO)
)
(/usr/share/texlive/texmf-dist/tex/generic/pdfescape/pdfescape.sty
Package: pdfescape 2019/12/09 v1.15 Implements pdfTeX's escape features (HO)
)
(/usr/share/texlive/texmf-dist/tex/latex/hycolor/hycolor.sty
Package: hycolor 2020-01-27 v1.10 Color options for hyperref/bookmark (HO)
)
(/usr/share/texlive/texmf-dist/tex/latex/letltxmacro/letltxmacro.sty
Package: letltxmacro 2019/12/03 v1.6 Let assignment for LaTeX macros (HO)
)
(/usr/share/texlive/texmf-dist/tex/latex/auxhook/auxhook.sty
Package: auxhook 2019-12-17 v1.6 Hooks for auxiliary files (HO)
)
(/usr/share/texlive/texmf-dist/tex/latex/kvoptions/kvoptions.sty
Package: kvoptions 2019/11/29 v3.13 Key value format for package options (HO)
)
\@linkdim=\dimen331
\Hy@linkcounter=\count365
\Hy@pagecounter=\count366

(/usr/share/texlive/texmf-dist/tex/latex/hyperref/pd1enc.def
File: pd1enc.def 2020/01/14 v7.00d Hyperref: PDFDocEncoding definition (HO)
)
(/usr/share/texlive/texmf-dist/tex/generic/intcalc/intcalc.sty
Package: intcalc 2019/12/15 v1.3 Expandable calculations with integers (HO)
)
(/usr/share/texlive/texmf-dist/tex/generic/etexcmds/etexcmds.sty
Package: etexcmds 2019/12/15 v1.7 Avoid name clashes with e-TeX commands (HO)
)
\Hy@SavedSpaceFactor=\count367
Package hyperref Info: Hyper figures OFF on input line 4547.
Package hyperref Info: Link nesting OFF on input line 4552.
Package hyperref Info: Hyper index ON on input line 4555.
Package hyperref Info: Plain pages OFF on input line 4562.
Package hyperref Info: Backreferencing OFF on input line 4567.
Package hyperref Info: Implicit mode ON; LaTeX internals redefined.
Package hyperref Info: Bookmarks ON on input line 4800.
\c@Hy@tempcnt=\count368

(/usr/share/texlive/texmf-dist/tex/latex/url/url.sty
\Urlmuskip=\muskip20
Package: url 2013/09/16  ver 3.4  Verb mode for urls, etc.
)
LaTeX Info: Redefining \url on input line 5159.
\XeTeXLinkMargin=\dimen332

(/usr/share/texlive/texmf-dist/tex/generic/bitset/bitset.sty
Package: bitset 2019/12/09 v1.3 Handle bit-vector datatype (HO)

(/usr/share/texlive/texmf-dist/tex/generic/bigintcalc/bigintcalc.sty
Package: bigintcalc 2019/12/15 v1.5 Expandable calculations on big integers (HO
)
))
\Fld@menulength=\count369
\Field@Width=\dimen333
\Fld@charsize=\dimen334
Package hyperref Info: Hyper figures OFF on input line 6430.
Package hyperref Info: Link nesting OFF on input line 6435.
Package hyperref Info: Hyper index ON on input line 6438.
Package hyperref Info: backreferencing OFF on input line 6445.
Package hyperref Info: Link coloring OFF on input line 6450.
Package hyperref Info: Link coloring with OCG OFF on input line 6455.
Package hyperref Info: PDF/A mode OFF on input line 6460.
LaTeX Info: Redefining \ref on input line 6500.
LaTeX Info: Redefining \pageref on input line 6504.

(/usr/share/texlive/texmf-dist/tex/generic/atbegshi/atbegshi.sty
Package: atbegshi 2019/12/05 v1.19 At begin shipout hook (HO)
)
\Hy@abspage=\count370
\c@Item=\count371
\c@Hfootnote=\count372
)
Package hyperref Info: Driver (autodetected): hxetex.

(/usr/share/texlive/texmf-dist/tex/latex/hyperref/hxetex.def
File: hxetex.def 2020/01/14 v7.00d Hyperref driver for XeTeX

(/usr/share/texlive/texmf-dist/tex/latex/hyperref/puenc.def
File: puenc.def 2020/01/14 v7.00d Hyperref: PDF Unicode definition (HO)
)
(/usr/share/texlive/texmf-dist/tex/generic/stringenc/stringenc.sty
Package: stringenc 2019/11/29 v1.12 Convert strings between diff. encodings (HO
)
)
\pdfm@box=\box92
\c@Hy@AnnotLevel=\count373
\HyField@AnnotCount=\count374
\Fld@listcount=\count375
\c@bookmark@seq@number=\count376

(/usr/share/texlive/texmf-dist/tex/latex/rerunfilecheck/rerunfilecheck.sty
Package: rerunfilecheck 2019/12/05 v1.9 Rerun checks for auxiliary files (HO)

(/usr/share/texlive/texmf-dist/tex/latex/atveryend/atveryend.sty
Package: atveryend 2019-12-11 v1.11 Hooks at the very end of document (HO)
)
(/usr/share/texlive/texmf-dist/tex/generic/uniquecounter/uniquecounter.sty
Package: uniquecounter 2019/12/15 v1.4 Provide unlimited unique counter (HO)
)
Package uniquecounter Info: New unique counter `rerunfilecheck' on input line 2
86.
)
\Hy@SectionHShift=\skip87
)
(/usr/share/texlive/texmf-dist/tex/latex/caption/caption.sty
Package: caption 2020/01/03 v3.4h Customizing captions (AR)

(/usr/share/texlive/texmf-dist/tex/latex/caption/caption3.sty
Package: caption3 2020/01/03 v1.8h caption3 kernel (AR)
Package caption3 Info: TeX engine: e-TeX on input line 61.
\captionmargin=\dimen335
\captionmargin@=\dimen336
\captionwidth=\dimen337
\caption@tempdima=\dimen338
\caption@indent=\dimen339
\caption@parindent=\dimen340
\caption@hangindent=\dimen341
Package caption Info: KOMA-Script document class detected.
)
Package caption Info: KOMA-Script document class.
\c@caption@flags=\count377
\c@continuedfloat=\count378
Package caption Info: hyperref package is loaded.
Package caption Info: longtable package is loaded.

(/usr/share/texlive/texmf-dist/tex/latex/caption/ltcaption.sty
Package: ltcaption 2018/08/26 v1.4a longtable captions (AR)
))
(/usr/share/texlive/texmf-dist/tex/latex/caption/subcaption.sty
Package: subcaption 2020/01/22 v1.3d Sub-captions (AR)
\c@subfigure=\count379
\c@subtable=\count380
)
(/usr/share/texlive/texmf-dist/tex/latex/tools/multicol.sty
Package: multicol 2019/12/09 v1.8y multicolumn formatting (FMi)
\c@tracingmulticols=\count381
\mult@box=\box93
\multicol@leftmargin=\dimen342
\c@unbalance=\count382
\c@collectmore=\count383
\doublecol@number=\count384
\multicoltolerance=\count385
\multicolpretolerance=\count386
\full@width=\dimen343
\page@free=\dimen344
\premulticols=\dimen345
\postmulticols=\dimen346
\multicolsep=\skip88
\multicolbaselineskip=\skip89
\partial@page=\box94
\last@line=\box95
\maxbalancingoverflow=\dimen347
\mult@rightbox=\box96
\mult@grightbox=\box97
\mult@gfirstbox=\box98
\mult@firstbox=\box99
\@tempa=\box100
\@tempa=\box101
\@tempa=\box102
\@tempa=\box103
\@tempa=\box104
\@tempa=\box105
\@tempa=\box106
\@tempa=\box107
\@tempa=\box108
\@tempa=\box109
\@tempa=\box110
\@tempa=\box111
\@tempa=\box112
\@tempa=\box113
\@tempa=\box114
\@tempa=\box115
\@tempa=\box116
\@tempa=\box117
\@tempa=\box118
\@tempa=\box119
\@tempa=\box120
\@tempa=\box121
\@tempa=\box122
\@tempa=\box123
\@tempa=\box124
\@tempa=\box125
\@tempa=\box126
\@tempa=\box127
\@tempa=\box128
\@tempa=\box129
\@tempa=\box130
\@tempa=\box131
\@tempa=\box132
\@tempa=\box133
\@tempa=\box134
\@tempa=\box135
\@tempa=\box136
\c@minrows=\count387
\c@columnbadness=\count388
\c@finalcolumnbadness=\count389
\last@try=\dimen348
\multicolovershoot=\dimen349
\multicolundershoot=\dimen350
\mult@nat@firstbox=\box137
\colbreak@box=\box138
\mc@col@check@num=\count390
)

LaTeX Warning: Unused global option(s):
    [open=right].

(./YellowGate.aux
LaTeX Info: Redefining \rmfamily on input line 22.
LaTeX Info: Redefining \sffamily on input line 22.
LaTeX Info: Redefining \ttfamily on input line 22.
)
\openout1 = `YellowGate.aux'.

LaTeX Font Info:    Checking defaults for OML/cmm/m/it on input line 50.
LaTeX Font Info:    ... okay on input line 50.
LaTeX Font Info:    Checking defaults for OMS/cmsy/m/n on input line 50.
LaTeX Font Info:    ... okay on input line 50.
LaTeX Font Info:    Checking defaults for OT1/cmr/m/n on input line 50.
LaTeX Font Info:    ... okay on input line 50.
LaTeX Font Info:    Checking defaults for T1/cmr/m/n on input line 50.
LaTeX Font Info:    ... okay on input line 50.
LaTeX Font Info:    Checking defaults for TS1/cmr/m/n on input line 50.
LaTeX Font Info:    Trying to load font information for TS1+cmr on input line 5
0.
 (/usr/share/texlive/texmf-dist/tex/latex/base/ts1cmr.fd
File: ts1cmr.fd 2019/12/16 v2.5j Standard LaTeX font definitions
)
LaTeX Font Info:    ... okay on input line 50.
LaTeX Font Info:    Checking defaults for TU/lmr/m/n on input line 50.
LaTeX Font Info:    ... okay on input line 50.
LaTeX Font Info:    Checking defaults for OMX/cmex/m/n on input line 50.
LaTeX Font Info:    ... okay on input line 50.
LaTeX Font Info:    Checking defaults for U/cmr/m/n on input line 50.
LaTeX Font Info:    ... okay on input line 50.
LaTeX Font Info:    Checking defaults for PD1/pdf/m/n on input line 50.
LaTeX Font Info:    ... okay on input line 50.
LaTeX Font Info:    Checking defaults for PU/pdf/m/n on input line 50.
LaTeX Font Info:    ... okay on input line 50.
Package scrbase Info: activating english \contentsname on input line 50.
Package scrbase Info: activating english \listfigurename on input line 50.
Package scrbase Info: activating english \listtablename on input line 50.

ABD: EveryShipout initializing macros
*geometry* driver: auto-detecting
*geometry* detected driver: xetex
*geometry* verbose mode - [ preamble ] result:
* driver: xetex
* paper: a4paper
* layout: <same size as paper>
* layoutoffset:(h,v)=(0.0pt,0.0pt)
* modes: twoside 
* h-part:(L,W,R)=(56.9055pt, 455.24411pt, 85.35826pt)
* v-part:(T,H,B)=(71.13188pt, 702.78308pt, 71.13188pt)
* \paperwidth=597.50787pt
* \paperheight=845.04684pt
* \textwidth=455.24411pt
* \textheight=702.78308pt
* \oddsidemargin=-15.36449pt
* \evensidemargin=13.08827pt
* \topmargin=-41.0131pt
* \headheight=18.125pt
* \headsep=21.75pt
* \topskip=12.0pt
* \footskip=50.75pt
* \marginparwidth=74.68849pt
* \marginparsep=12.8401pt
* \columnsep=10.0pt
* \skip\footins=10.8pt plus 4.0pt minus 2.0pt
* \hoffset=0.0pt
* \voffset=0.0pt
* \mag=1000
* \@twocolumnfalse
* \@twosidetrue
* \@mparswitchtrue
* \@reversemarginfalse
* (1in=72.27pt=25.4mm, 1cm=28.453pt)

\AtBeginShipoutBox=\box139
Package hyperref Info: Link coloring OFF on input line 50.
(/usr/share/texlive/texmf-dist/tex/latex/hyperref/nameref.sty
Package: nameref 2019/09/16 v2.46 Cross-referencing by name of section

(/usr/share/texlive/texmf-dist/tex/latex/refcount/refcount.sty
Package: refcount 2019/12/15 v3.6 Data extraction from label references (HO)
)
(/usr/share/texlive/texmf-dist/tex/generic/gettitlestring/gettitlestring.sty
Package: gettitlestring 2019/12/15 v1.6 Cleanup title references (HO)
)
\c@section@level=\count391
)
LaTeX Info: Redefining \ref on input line 50.
LaTeX Info: Redefining \pageref on input line 50.
LaTeX Info: Redefining \nameref on input line 50.

(./YellowGate.out) (./YellowGate.out)
\@outlinefile=\write22
\openout3 = `YellowGate.out'.

Class scrartcl Info: loading recommended package `bookmark'.
(scrartcl)           Using `bookmark' together with `hyperref' is recommended,
(scrartcl)           because of handling of possible bookmark level gaps.
(scrartcl)           You can avoid loading `bookmark' with KOMA-Script option
(scrartcl)           `bookmarkpackage=false' before \begin{document} and
(scrartcl)           you can avoid this message adding:
(scrartcl)             \usepackage{bookmark}
(scrartcl)           before \begin{document} on input line 50.

(/usr/share/texlive/texmf-dist/tex/latex/bookmark/bookmark.sty
Package: bookmark 2019/12/03 v1.28 PDF bookmarks (HO)

(/usr/share/texlive/texmf-dist/tex/latex/bookmark/bkm-dvipdfm.def
File: bkm-dvipdfm.def 2019/12/03 v1.28 bookmark driver for dvipdfm (HO)
\BKM@id=\count392
))
Package caption Info: Begin \AtBeginDocument code.
Package caption Info: End \AtBeginDocument code.
LaTeX Info: Redefining \rmfamily on input line 50.
LaTeX Info: Redefining \sffamily on input line 50.
LaTeX Info: Redefining \ttfamily on input line 50.

(./Chapters/title.tex)
LaTeX Font Info:    Trying to load font information for OT1+lmr on input line 5
2.
 (/usr/share/texmf/tex/latex/lm/ot1lmr.fd
File: ot1lmr.fd 2009/10/30 v1.6 Font defs for Latin Modern
)
LaTeX Font Info:    Trying to load font information for OML+lmm on input line 5
2.

(/usr/share/texmf/tex/latex/lm/omllmm.fd
File: omllmm.fd 2009/10/30 v1.6 Font defs for Latin Modern
)
LaTeX Font Info:    Trying to load font information for OMS+lmsy on input line 
52.

(/usr/share/texmf/tex/latex/lm/omslmsy.fd
File: omslmsy.fd 2009/10/30 v1.6 Font defs for Latin Modern
)
LaTeX Font Info:    Trying to load font information for OMX+lmex on input line 
52.

(/usr/share/texmf/tex/latex/lm/omxlmex.fd
File: omxlmex.fd 2009/10/30 v1.6 Font defs for Latin Modern
)
LaTeX Font Info:    External font `lmex10' loaded for size
(Font)              <17.28> on input line 52.
LaTeX Font Info:    External font `lmex10' loaded for size
(Font)              <12> on input line 52.
LaTeX Font Info:    External font `lmex10' loaded for size
(Font)              <10> on input line 52.

(/usr/share/texlive/texmf-dist/tex/generic/stringenc/se-ascii-print.def
File: se-ascii-print.def 2019/11/29 v1.12 stringenc: Printable ASCII characters

)
\openout3 = `YellowGate.mw'.


[1


] (./YellowGate.mw)
\openout3 = `YellowGate.mw'.

 (./Chapters/dedication.tex)
\openout3 = `YellowGate.mw'.

 [2

] (./YellowGate.mw)
\openout3 = `YellowGate.mw'.


(./YellowGate.toc
LaTeX Info: Redefining \rmfamily on input line 1.
LaTeX Info: Redefining \sffamily on input line 1.
LaTeX Info: Redefining \ttfamily on input line 1.
LaTeX Font Info:    External font `lmex10' loaded for size
(Font)              <8> on input line 4.
LaTeX Font Info:    External font `lmex10' loaded for size
(Font)              <6> on input line 4.
)
\tf@toc=\write23
\openout3 = `YellowGate.toc'.

\openout3 = `YellowGate.mw'.

 [3] (./YellowGate.mw)
\openout3 = `YellowGate.mw'.

 (./Chapters/introduction.tex
LaTeX Font Info:    External font `lmex10' loaded for size
(Font)              <7> on input line 2.
LaTeX Font Info:    External font `lmex10' loaded for size
(Font)              <5> on input line 2.
\openout3 = `YellowGate.mw'.

 [4]
(./YellowGate.mw)
\openout3 = `YellowGate.mw'.

) (./Chapters/history.tex
\openout3 = `YellowGate.mw'.

 [5] (./YellowGate.mw)
\openout3 = `YellowGate.mw'.

\openout3 = `YellowGate.mw'.

 [6]
(./YellowGate.mw)
\openout3 = `YellowGate.mw'.

Missing character: There is no  in font [lmroman12-italic]:mapping=tex-text;!
Missing character: There is no  in font [lmroman12-italic]:mapping=tex-text;!
Missing character: There is no  in font [lmroman12-italic]:mapping=tex-text;!
\openout3 = `YellowGate.mw'.

 [7] (./YellowGate.mw)
\openout3 = `YellowGate.mw'.

Missing character: There is no  in font [lmroman12-italic]:mapping=tex-text;!
Missing character: There is no  in font [lmroman12-italic]:mapping=tex-text;!
Missing character: There is no  in font [lmroman12-italic]:mapping=tex-text;!
Missing character: There is no  in font [lmroman12-italic]:mapping=tex-text;!
Missing character: There is no  in font [lmroman12-italic]:mapping=tex-text;!
\openout3 = `YellowGate.mw'.

 [8] (./YellowGate.mw)
\openout3 = `YellowGate.mw'.

Missing character: There is no  in font [lmroman12-italic]:mapping=tex-text;!
Missing character: There is no  in font [lmroman10-italic]:mapping=tex-text;!
Missing character: There is no  in font [lmroman12-italic]:mapping=tex-text;!
\openout3 = `YellowGate.mw'.

 [9]
(./YellowGate.mw)
\openout3 = `YellowGate.mw'.

Missing character: There is no  in font [lmroman10-italic]:mapping=tex-text;!
Missing character: There is no  in font [lmroman12-italic]:mapping=tex-text;!
\openout3 = `YellowGate.mw'.

 [10] (./YellowGate.mw)
\openout3 = `YellowGate.mw'.

Missing character: There is no  in font [lmroman12-italic]:mapping=tex-text;!
Missing character: There is no  in font [lmroman12-italic]:mapping=tex-text;!
Missing character: There is no  in font [lmroman12-italic]:mapping=tex-text;!
Missing character: There is no  in font [lmroman12-italic]:mapping=tex-text;!
Missing character: There is no  in font [lmroman12-italic]:mapping=tex-text;!
Missing character: There is no  in font [lmroman12-italic]:mapping=tex-text;!
Missing character: There is no  in font [lmroman12-italic]:mapping=tex-text;!
Missing character: There is no  in font [lmroman12-italic]:mapping=tex-text;!
Missing character: There is no  in font [lmroman12-italic]:mapping=tex-text;!
Missing character: There is no  in font [lmroman12-italic]:mapping=tex-text;!
Missing character: There is no  in font [lmroman12-italic]:mapping=tex-text;!
Missing character: There is no  in font [lmroman12-italic]:mapping=tex-text;!
Missing character: There is no  in font [lmroman12-italic]:mapping=tex-text;!
Missing character: There is no  in font [lmroman12-italic]:mapping=tex-text;!
Missing character: There is no  in font [lmroman12-italic]:mapping=tex-text;!
Missing character: There is no  in font [lmroman12-italic]:mapping=tex-text;!
Missing character: There is no  in font [lmroman12-italic]:mapping=tex-text;!
\openout3 = `YellowGate.mw'.

 [11] (./YellowGate.mw)
\openout3 = `YellowGate.mw'.

Missing character: There is no  in font [lmroman12-italic]:mapping=tex-text;!
Missing character: There is no  in font [lmroman12-italic]:mapping=tex-text;!
Missing character: There is no  in font [lmroman12-italic]:mapping=tex-text;!
Missing character: There is no  in font [lmroman12-italic]:mapping=tex-text;!
Missing character: There is no  in font [lmroman12-italic]:mapping=tex-text;!
Missing character: There is no  in font [lmroman12-italic]:mapping=tex-text;!
Missing character: There is no  in font [lmroman12-italic]:mapping=tex-text;!
Missing character: There is no  in font [lmroman12-italic]:mapping=tex-text;!
)
(./Chapters/characteristics.tex
\openout3 = `YellowGate.mw'.

 [12] (./YellowGate.mw)
\openout3 = `YellowGate.mw'.

Missing character: There is no  in font [lmroman12-italic]:mapping=tex-text;!

Underfull \vbox (badness 3803) has occurred while \output is active []

\openout3 = `YellowGate.mw'.

 [13]
(./YellowGate.mw)
\openout3 = `YellowGate.mw'.

\openout3 = `YellowGate.mw'.

 [14] (./YellowGate.mw)
\openout3 = `YellowGate.mw'.


Overfull \hbox (6.84377pt too wide) in paragraph at lines 18--19
[]\TU/lmr/m/n/12 In the charts for the Chinese texts we see that the words for 
male and female root/faculty
 []


Underfull \hbox (badness 10000) in paragraph at lines 20--21

 []

) (./Chapters/pandaka.tex
\openout3 = `YellowGate.mw'.

 [15] (./YellowGate.mw)
\openout3 = `YellowGate.mw'.

Missing character: There is no  in font [lmroman12-italic]:mapping=tex-text;!


LaTeX Font Warning: Font shape `TU/SimSun(0)/m/it' undefined
(Font)              using `TU/SimSun(0)/m/n' instead on input line 7.

Missing character: There is no  in font [lmroman12-italic]:mapping=tex-text;!
Missing character: There is no  in font [lmroman12-italic]:mapping=tex-text;!
Missing character: There is no  in font [lmroman12-italic]:mapping=tex-text;!
Missing character: There is no  in font [lmroman12-italic]:mapping=tex-text;!
Missing character: There is no  in font [lmroman12-italic]:mapping=tex-text;!
Missing character: There is no  in font [lmroman12-italic]:mapping=tex-text;!
Missing character: There is no  in font [lmroman12-italic]:mapping=tex-text;!
Missing character: There is no  in font [lmroman12-italic]:mapping=tex-text;!
Missing character: There is no  in font [lmroman12-italic]:mapping=tex-text;!
Missing character: There is no  in font [lmroman12-italic]:mapping=tex-text;!
Missing character: There is no  in font [lmroman12-italic]:mapping=tex-text;!
Missing character: There is no  in font [lmroman12-italic]:mapping=tex-text;!
Missing character: There is no  in font [lmroman12-italic]:mapping=tex-text;!
Missing character: There is no  in font [lmroman12-italic]:mapping=tex-text;!
Missing character: There is no  in font [lmroman12-italic]:mapping=tex-text;!
Missing character: There is no  in font [lmroman12-italic]:mapping=tex-text;!
Missing character: There is no  in font [lmroman12-italic]:mapping=tex-text;!
\openout3 = `YellowGate.mw'.

[16] (./YellowGate.mw)
\openout3 = `YellowGate.mw'.

\openout3 = `YellowGate.mw'.

 [17] (./YellowGate.mw)
\openout3 = `YellowGate.mw'.

Missing character: There is no  in font [lmroman12-italic]:mapping=tex-text;!
\openout3 = `YellowGate.mw'.

 [18] (./YellowGate.mw)
\openout3 = `YellowGate.mw'.

Missing character: There is no  in font [lmroman12-italic]:mapping=tex-text;!
Missing character: There is no  in font [lmroman12-italic]:mapping=tex-text;!
Missing character: There is no  in font [lmroman12-italic]:mapping=tex-text;!
Missing character: There is no  in font [lmroman12-italic]:mapping=tex-text;!
Missing character: There is no  in font [lmroman12-italic]:mapping=tex-text;!
Missing character: There is no  in font [lmroman12-italic]:mapping=tex-text;!
Missing character: There is no  in font [lmroman12-italic]:mapping=tex-text;!
Missing character: There is no  in font [lmroman12-italic]:mapping=tex-text;!
Missing character: There is no  in font [lmroman12-italic]:mapping=tex-text;!
Missing character: There is no  in font [lmroman12-italic]:mapping=tex-text;!
Missing character: There is no  in font [lmroman12-italic]:mapping=tex-text;!
Missing character: There is no  in font [lmroman12-italic]:mapping=tex-text;!
Missing character: There is no  in font [lmroman12-italic]:mapping=tex-text;!
Missing character: There is no  in font [lmroman12-italic]:mapping=tex-text;!
Missing character: There is no  in font [lmroman12-italic]:mapping=tex-text;!
Missing character: There is no  in font [lmroman12-italic]:mapping=tex-text;!
Missing character: There is no  in font [lmroman12-italic]:mapping=tex-text;!
Missing character: There is no  in font [lmroman12-italic]:mapping=tex-text;!
Missing character: There is no  in font [lmroman12-italic]:mapping=tex-text;!
Missing character: There is no  in font [lmroman12-italic]:mapping=tex-text;!
Missing character: There is no  in font [lmroman12-italic]:mapping=tex-text;!
Missing character: There is no  in font [lmroman12-italic]:mapping=tex-text;!

Overfull \hbox (22.71191pt too wide) in paragraph at lines 38--39
[]\TU/lmr/m/it/12 Paakobhikkhaveti ettha sittapaako usyapaako opakkamik
apaako pakkha-
 []


Overfull \hbox (2.24504pt too wide) in paragraph at lines 38--39
\TU/lmr/m/it/12 opakkamikapaako. Ekacco pana akusalavipknubhvena kapakkh
e paako
 []

Missing character: There is no  in font [lmroman12-italic]:mapping=tex-text;!

Overfull \hbox (20.67068pt too wide) in paragraph at lines 42--43
[]\TU/lmr/m/n/12 A \TU/lmr/m/it/12 paaka\TU/lmr/m/n/12 , monks, means in th
is case, \TU/lmr/m/it/12 sittapaaka\TU/lmr/m/n/12 , \TU/lmr/m/it/12 usyapa
aka\TU/lmr/m/n/12 , \TU/lmr/m/it/12 opakkamika-
 []

\openout3 = `YellowGate.mw'.

[19] (./YellowGate.mw)
\openout3 = `YellowGate.mw'.

Missing character: There is no  in font [lmroman12-italic]:mapping=tex-text;!
Missing character: There is no  in font [lmroman10-italic]:mapping=tex-text;!
Missing character: There is no  in font [lmroman12-italic]:mapping=tex-text;!
Missing character: There is no  in font [lmroman12-italic]:mapping=tex-text;!
Missing character: There is no  in font [lmroman12-italic]:mapping=tex-text;!
\openout3 = `YellowGate.mw'.

 [20] (./YellowGate.mw)
\openout3 = `YellowGate.mw'.

Missing character: There is no  in font [lmroman12-italic]:mapping=tex-text;!
Missing character: There is no  in font [lmroman10-italic]:mapping=tex-text;!
Missing character: There is no  in font [lmroman10-italic]:mapping=tex-text;!
Missing character: There is no  in font [lmroman10-italic]:mapping=tex-text;!
Missing character: There is no  in font [lmroman10-italic]:mapping=tex-text;!
Missing character: There is no  in font [lmroman10-italic]:mapping=tex-text;!
Missing character: There is no  in font [lmroman10-italic]:mapping=tex-text;!
Missing character: There is no  in font [lmroman10-italic]:mapping=tex-text;!
Missing character: There is no  in font [lmroman10-italic]:mapping=tex-text;!
Missing character: There is no  in font [lmroman10-italic]:mapping=tex-text;!
Missing character: There is no  in font [lmroman10-italic]:mapping=tex-text;!
Missing character: There is no  in font [lmroman10-italic]:mapping=tex-text;!
Missing character: There is no  in font [lmroman12-italic]:mapping=tex-text;!
Missing character: There is no  in font [lmroman12-italic]:mapping=tex-text;!

Underfull \vbox (badness 1661) has occurred while \output is active []

\openout3 = `YellowGate.mw'.

 [21]
(./YellowGate.mw)
\openout3 = `YellowGate.mw'.

\openout3 = `YellowGate.mw'.

 [22] (./YellowGate.mw)
\openout3 = `YellowGate.mw'.

File: pandaka.jpg Graphic file (type bmp)
<pandaka.jpg>


Package caption Warning: The type was already set to `figure'
(caption)                 on input line 77.
See the caption package documentation for explanation.

Missing character: There is no  in font [lmroman12-italic]:mapping=tex-text;!
\openout3 = `YellowGate.mw'.

[23] (./YellowGate.mw)
\openout3 = `YellowGate.mw'.

Missing character: There is no  in font [lmroman12-italic]:mapping=tex-text;!
Missing character: There is no  in font [lmroman12-italic]:mapping=tex-text;!
\openout3 = `YellowGate.mw'.

 [24] (./YellowGate.mw)
\openout3 = `YellowGate.mw'.

File: Eunuchs-in-ancient-China.jpg Graphic file (type bmp)
<Eunuchs-in-ancient-China.jpg>
File: hijra.jpg Graphic file (type bmp)
<hijra.jpg>
) (./Chapters/ubhato.tex
\openout3 = `YellowGate.mw'.

 [25]
(./YellowGate.mw)
\openout3 = `YellowGate.mw'.

Missing character: There is no  in font [lmroman12-italic]:mapping=tex-text;!
Missing character: There is no  in font [lmroman12-italic]:mapping=tex-text;!
Missing character: There is no  in font [lmroman12-italic]:mapping=tex-text;!
Missing character: There is no  in font [lmroman12-italic]:mapping=tex-text;!
Missing character: There is no  in font [lmroman12-italic]:mapping=tex-text;!
Missing character: There is no  in font [lmroman12-italic]:mapping=tex-text;!
Missing character: There is no  in font [lmroman12-italic]:mapping=tex-text;!
Missing character: There is no  in font [lmroman12-italic]:mapping=tex-text;!
Missing character: There is no  in font [lmroman12-italic]:mapping=tex-text;!
Missing character: There is no  in font [lmroman12-italic]:mapping=tex-text;!
Missing character: There is no  in font [lmroman12-italic]:mapping=tex-text;!
Missing character: There is no  in font [lmroman12-italic]:mapping=tex-text;!
Missing character: There is no  in font [lmroman12-italic]:mapping=tex-text;!
Missing character: There is no  in font [lmroman12-italic]:mapping=tex-text;!
Missing character: There is no  in font [lmroman12-italic]:mapping=tex-text;!
Missing character: There is no  in font [lmroman12-italic]:mapping=tex-text;!
Missing character: There is no  in font [lmroman12-italic]:mapping=tex-text;!
Missing character: There is no  in font [lmroman12-italic]:mapping=tex-text;!
Missing character: There is no  in font [lmroman12-italic]:mapping=tex-text;!
Missing character: There is no  in font [lmroman12-italic]:mapping=tex-text;!
Missing character: There is no  in font [lmroman12-italic]:mapping=tex-text;!
Missing character: There is no  in font [lmroman12-italic]:mapping=tex-text;!
Missing character: There is no  in font [lmroman12-italic]:mapping=tex-text;!
Missing character: There is no  in font [lmroman12-italic]:mapping=tex-text;!
Missing character: There is no  in font [lmroman12-italic]:mapping=tex-text;!
Missing character: There is no  in font [lmroman12-italic]:mapping=tex-text;!
Missing character: There is no  in font [lmroman12-italic]:mapping=tex-text;!
Missing character: There is no  in font [lmroman12-italic]:mapping=tex-text;!

Overfull \hbox (4.1357pt too wide) in paragraph at lines 20--21
\TU/lmr/m/it/12 tuppdanakammato ca ubhato byajanamassa atthti ubhatobyajana
ko.Karotti
 []


Overfull \hbox (17.71169pt too wide) in paragraph at lines 20--21
\TU/lmr/m/it/12 purisaubhatobyajanakoti.Tattha itthiubhatobyajanakassa itthin
imitta pkaa
 []


Overfull \hbox (12.30373pt too wide) in paragraph at lines 20--21
\TU/lmr/m/it/12 purisatta karontassa itthinimitta paicchanna hoti, purisani
mitta pkaa
 []


Overfull \hbox (16.81326pt too wide) in paragraph at lines 20--21
\TU/lmr/m/it/12 hoti. Purisaubhatobyajanakassa purisna itthibhva upagaccha
ntassa purisa-
 []

\openout3 = `YellowGate.mw'.

[26] (./YellowGate.mw)
\openout3 = `YellowGate.mw'.

Missing character: There is no  in font [lmroman12-italic]:mapping=tex-text;!
Missing character: There is no  in font [lmroman12-italic]:mapping=tex-text;!
Missing character: There is no  in font [lmroman12-italic]:mapping=tex-text;!
Missing character: There is no  in font [lmroman12-italic]:mapping=tex-text;!
Missing character: There is no  in font [lmroman12-italic]:mapping=tex-text;!
Missing character: There is no  in font [lmroman12-italic]:mapping=tex-text;!
Missing character: There is no  in font [lmroman12-italic]:mapping=tex-text;!
Missing character: There is no  in font [lmroman12-italic]:mapping=tex-text;!
Missing character: There is no  in font [lmroman12-italic]:mapping=tex-text;!

Overfull \hbox (20.70103pt too wide) in paragraph at lines 22--23
\TU/lmr/m/it/12 tatti. Tattha vicraakkamo vitthrato ahasliniy dhammasa
gahahakathya
 []


Overfull \hbox (7.01976pt too wide) in paragraph at lines 28--29
[]\TU/lmr/m/n/12 They are twofold: the female \TU/lmr/m/it/12 ubhatobyajanak
a \TU/lmr/m/n/12 and the male \TU/lmr/m/it/12 ubhatobyajanaka\TU/lmr/m/n/12 
.
 []

\openout3 = `YellowGate.mw'.

[27] (./YellowGate.mw)
\openout3 = `YellowGate.mw'.

Missing character: There is no  in font [lmroman12-italic]:mapping=tex-text;!
Missing character: There is no  in font [lmroman12-italic]:mapping=tex-text;!
Missing character: There is no  in font [lmroman12-italic]:mapping=tex-text;!
Missing character: There is no  in font [lmroman12-italic]:mapping=tex-text;!
Missing character: There is no  in font [lmroman12-italic]:mapping=tex-text;!
Missing character: There is no  in font [lmroman12-italic]:mapping=tex-text;!
Missing character: There is no  in font [lmroman12-italic]:mapping=tex-text;!
Missing character: There is no  in font [lmroman12-italic]:mapping=tex-text;!
Missing character: There is no  in font [lmroman12-italic]:mapping=tex-text;!
Missing character: There is no  in font [lmroman12-italic]:mapping=tex-text;!
\openout3 = `YellowGate.mw'.

 [28] (./YellowGate.mw)
\openout3 = `YellowGate.mw'.

File: androgyne.jpg Graphic file (type bmp)
<androgyne.jpg>

Underfull \hbox (badness 10000) in paragraph at lines 65--71

 []


LaTeX Warning: `!h' float specifier changed to `!ht'.

\openout3 = `YellowGate.mw'.

[29] (./YellowGate.mw)
\openout3 = `YellowGate.mw'.

Missing character: There is no  in font [lmroman12-italic]:mapping=tex-text;!
Missing character: There is no  in font [lmroman12-italic]:mapping=tex-text;!
Missing character: There is no  in font [lmroman12-italic]:mapping=tex-text;!
Missing character: There is no  in font [lmroman12-italic]:mapping=tex-text;!
\openout3 = `YellowGate.mw'.

 [30] (./YellowGate.mw)
\openout3 = `YellowGate.mw'.

Missing character: There is no  in font [lmroman12-italic]:mapping=tex-text;!

Underfull \vbox (badness 1038) has occurred while \output is active []

\openout3 = `YellowGate.mw'.

 [31]
(./YellowGate.mw)
\openout3 = `YellowGate.mw'.

) (./Chapters/animitta.tex
Underfull \hbox (badness 10000) in paragraph at lines 4--5

 []


Underfull \hbox (badness 10000) in paragraph at lines 6--12

 []

Missing character: There is no  in font [lmroman12-italic]:mapping=tex-text;!
\openout3 = `YellowGate.mw'.

[32] (./YellowGate.mw)
\openout3 = `YellowGate.mw'.

Missing character: There is no  in font [lmroman12-italic]:mapping=tex-text;!
Missing character: There is no  in font [lmroman12-italic]:mapping=tex-text;!
Missing character: There is no  in font [lmroman12-italic]:mapping=tex-text;!
File: female.jpg Graphic file (type bmp)
<female.jpg>


Package caption Warning: The type was already set to `figure'
(caption)                 on input line 34.
See the caption package documentation for explanation.

Missing character: There is no  in font [lmroman10-italic]:mapping=tex-text;!
Missing character: There is no  in font [lmroman10-italic]:mapping=tex-text;!
Missing character: There is no  in font [lmroman10-italic]:mapping=tex-text;!
\openout3 = `YellowGate.mw'.

[33] (./YellowGate.mw)
\openout3 = `YellowGate.mw'.

\openout3 = `YellowGate.mw'.

 [34] (./YellowGate.mw)
\openout3 = `YellowGate.mw'.

) (./Chapters/trans.tex
Missing character: There is no  in font [lmroman12-italic]:mapping=tex-text;!
Missing character: There is no  in font [lmroman12-italic]:mapping=tex-text;!
Missing character: There is no  in font [lmroman12-italic]:mapping=tex-text;!
Missing character: There is no  in font [lmroman12-italic]:mapping=tex-text;!
Missing character: There is no  in font [lmroman12-italic]:mapping=tex-text;!
Missing character: There is no  in font [lmroman12-italic]:mapping=tex-text;!
Missing character: There is no  in font [lmroman12-italic]:mapping=tex-text;!
Missing character: There is no  in font [lmroman12-italic]:mapping=tex-text;!
Missing character: There is no  in font [lmroman12-italic]:mapping=tex-text;!
Missing character: There is no  in font [lmroman12-italic]:mapping=tex-text;!
Missing character: There is no  in font [lmroman12-italic]:mapping=tex-text;!
Missing character: There is no  in font [lmroman12-italic]:mapping=tex-text;!
Missing character: There is no  in font [lmroman12-italic]:mapping=tex-text;!
Missing character: There is no  in font [lmroman12-italic]:mapping=tex-text;!
Missing character: There is no  in font [lmroman12-italic]:mapping=tex-text;!
Missing character: There is no  in font [lmroman12-italic]:mapping=tex-text;!
Missing character: There is no  in font [lmroman12-italic]:mapping=tex-text;!
Missing character: There is no  in font [lmroman12-italic]:mapping=tex-text;!
Missing character: There is no  in font [lmroman12-italic]:mapping=tex-text;!
Missing character: There is no  in font [lmroman12-italic]:mapping=tex-text;!
Missing character: There is no  in font [lmroman12-italic]:mapping=tex-text;!
Missing character: There is no  in font [lmroman12-italic]:mapping=tex-text;!
\openout3 = `YellowGate.mw'.

 [35]
(./YellowGate.mw)
\openout3 = `YellowGate.mw'.

\openout3 = `YellowGate.mw'.

 [36] (./YellowGate.mw)
\openout3 = `YellowGate.mw'.

) (./Chapters/conclusion.tex
Underfull \vbox (badness 10000) has occurred while \output is active []

\openout3 = `YellowGate.mw'.

 [37]
(./YellowGate.mw)
\openout3 = `YellowGate.mw'.

\openout3 = `YellowGate.mw'.

 [38] (./YellowGate.mw)
\openout3 = `YellowGate.mw'.


Underfull \vbox (badness 1264) has occurred while \output is active []

\openout3 = `YellowGate.mw'.

 [39]
(./YellowGate.mw)
\openout3 = `YellowGate.mw'.

Missing character: There is no  in font [lmroman12-italic]:mapping=tex-text;!
)
\openout3 = `YellowGate.mw'.

 [40] (./YellowGate.mw)
\openout3 = `YellowGate.mw'.

 (./Chapters/acknowledgement.tex
Underfull \hbox (badness 10000) in paragraph at lines 3--4

 []


Underfull \hbox (badness 10000) in paragraph at lines 5--6

 []


Underfull \hbox (badness 10000) in paragraph at lines 7--8

 []


Underfull \hbox (badness 10000) in paragraph at lines 9--10

 []

)
\openout3 = `YellowGate.mw'.

 [41] (./YellowGate.mw)
\openout3 = `YellowGate.mw'.

 (./Chapters/chinese.tex
Missing character: There is no  in font [lmroman12-italic]:mapping=tex-text;!
\openout3 = `YellowGate.mw'.

 [42] (./YellowGate.mw)
\openout3 = `YellowGate.mw'.

\openout3 = `YellowGate.mw'.


[43] (./YellowGate.mw)
\openout3 = `YellowGate.mw'.

\openout3 = `YellowGate.mw'.

 [44] (./YellowGate.mw)
\openout3 = `YellowGate.mw'.

\openout3 = `YellowGate.mw'.

 [45] (./YellowGate.mw)
\openout3 = `YellowGate.mw'.

)
\openout3 = `YellowGate.mw'.

 [46]
(./YellowGate.mw)
\openout3 = `YellowGate.mw'.

 (./Chapters/frequency.tex
File: pali.jpg Graphic file (type bmp)
<pali.jpg>
File: pali_weighted.jpg Graphic file (type bmp)
<pali_weighted.jpg>

Overfull \hbox (2.60799pt too wide) in paragraph at lines 16--26
[]$[]$  $[]$
 []


Underfull \hbox (badness 10000) in paragraph at lines 16--26

 []

File: pali_perc.jpg Graphic file (type bmp)
<pali_perc.jpg>

Underfull \hbox (badness 10000) in paragraph at lines 31--37

 []

\openout3 = `YellowGate.mw'.

[47] (./YellowGate.mw)
\openout3 = `YellowGate.mw'.

File: sanskrit.jpg Graphic file (type bmp)
<sanskrit.jpg>
File: sanskrit_weighted.jpg Graphic file (type bmp)
<sanskrit_weighted.jpg>

Overfull \hbox (2.60799pt too wide) in paragraph at lines 49--59
[]$[]$  $[]$
 []


Underfull \hbox (badness 10000) in paragraph at lines 49--59

 []

File: sanskrit_perc.jpg Graphic file (type bmp)
<sanskrit_perc.jpg>

Underfull \hbox (badness 10000) in paragraph at lines 64--70

 []

\openout3 = `YellowGate.mw'.

[48] (./YellowGate.mw)
\openout3 = `YellowGate.mw'.

File: chinese.jpg Graphic file (type bmp)
<chinese.jpg>

Underfull \hbox (badness 10000) in paragraph at lines 80--86

 []

File: chinese_perc.jpg Graphic file (type bmp)
<chinese_perc.jpg>

Underfull \hbox (badness 10000) in paragraph at lines 91--97

 []

\openout3 = `YellowGate.mw'.

[49] (./YellowGate.mw)
\openout3 = `YellowGate.mw'.

File: tibetan.jpg Graphic file (type bmp)
<tibetan.jpg>
File: tibetan_weighted.jpg Graphic file (type bmp)
<tibetan_weighted.jpg>

Overfull \hbox (2.608pt too wide) in paragraph at lines 107--117
[]$[]$  $[]$
 []


Underfull \hbox (badness 10000) in paragraph at lines 107--117

 []

File: tibetan_perc.jpg Graphic file (type bmp)
<tibetan_perc.jpg>

Underfull \hbox (badness 10000) in paragraph at lines 122--128

 []

\openout3 = `YellowGate.mw'.

[50] (./YellowGate.mw)
\openout3 = `YellowGate.mw'.

File: itthi.jpg Graphic file (type bmp)
<itthi.jpg>
File: itthi_weighted.jpg Graphic file (type bmp)
<itthi_weighted.jpg>

Overfull \hbox (2.60799pt too wide) in paragraph at lines 141--151
[]$[]$  $[]$
 []


Underfull \hbox (badness 10000) in paragraph at lines 141--151

 []

File: itthi_perc.jpg Graphic file (type bmp)
<itthi_perc.jpg>

Underfull \hbox (badness 10000) in paragraph at lines 156--162

 []

File: pali_linga.jpg Graphic file (type bmp)
<pali_linga.jpg>
File: pali_byanyana.jpg Graphic file (type bmp)
<pali_byanyana.jpg>

Overfull \hbox (2.60799pt too wide) in paragraph at lines 167--177
[]$[]$  $[]$
 []


Underfull \hbox (badness 10000) in paragraph at lines 167--177

 []

\openout3 = `YellowGate.mw'.

[51] (./YellowGate.mw)
\openout3 = `YellowGate.mw'.

File: stri.jpg Graphic file (type bmp)
<stri.jpg>
File: stri_weighted.jpg Graphic file (type bmp)
<stri_weighted.jpg>

Overfull \hbox (2.60799pt too wide) in paragraph at lines 186--196
[]$[]$  $[]$
 []


Underfull \hbox (badness 10000) in paragraph at lines 186--196

 []

File: stri_perc.jpg Graphic file (type bmp)
<stri_perc.jpg>

Underfull \hbox (badness 10000) in paragraph at lines 201--207

 []

File: sanskrit_linga.jpg Graphic file (type bmp)
<sanskrit_linga.jpg>
File: sanskrit_byanyana.jpg Graphic file (type bmp)
<sanskrit_byanyana.jpg>

Overfull \hbox (2.60799pt too wide) in paragraph at lines 212--222
[]$[]$  $[]$
 []


Underfull \hbox (badness 10000) in paragraph at lines 212--222

 []

\openout3 = `YellowGate.mw'.

[52] (./YellowGate.mw)
\openout3 = `YellowGate.mw'.

File: chinese_itthi.jpg Graphic file (type bmp)
<chinese_itthi.jpg>

Underfull \hbox (badness 10000) in paragraph at lines 231--237

 []

File: chinese_itthi_perc.jpg Graphic file (type bmp)
<chinese_itthi_perc.jpg>

Underfull \hbox (badness 10000) in paragraph at lines 242--248

 []

File: chinese_faculty.jpg Graphic file (type bmp)
<chinese_faculty.jpg>

Underfull \hbox (badness 10000) in paragraph at lines 253--259

 []

File: chinese_shape.jpg Graphic file (type bmp)
<chinese_shape.jpg>

Underfull \hbox (badness 10000) in paragraph at lines 264--270

 []

)
\openout3 = `YellowGate.mw'.

 [53] (./YellowGate.mw)
\openout3 = `YellowGate.mw'.

 (./Chapters/definitions.tex
Missing character: There is no  in font [lmsans10-bold]:mapping=tex-text;!
Missing character: There is no  in font [lmroman12-italic]:mapping=tex-text;!
Missing character: There is no  in font [lmroman12-italic]:mapping=tex-text;!

Underfull \vbox (badness 10000) has occurred while \output is active []

\openout3 = `YellowGate.mw'.

 [54]
(./YellowGate.mw)
\openout3 = `YellowGate.mw'.

\openout3 = `YellowGate.mw'.

 [55] (./YellowGate.mw)
\openout3 = `YellowGate.mw'.

)
\openout3 = `YellowGate.mw'.

 [56] (./YellowGate.mw)
\openout3 = `YellowGate.mw'.


(./YellowGate.bbl
Underfull \hbox (badness 1019) in paragraph at lines 51--55
[]\TU/lmr/m/n/12 Bodhi Translation Committee BTC.  \TU/lmr/m/it/12 Dharmaguptak
a Vinaya, Ordination Skand-
 []


Underfull \hbox (badness 1701) in paragraph at lines 51--55
\TU/lmr/m/it/12 haka\TU/lmr/m/n/12 .  Bodhi Foundation for Culture and Educatio
n, 2015.  URL []$[][][][] [] [] []
 []

\openout3 = `YellowGate.mw'.

[57] (./YellowGate.mw)
\openout3 = `YellowGate.mw'.


Underfull \hbox (badness 5908) in paragraph at lines 101--106
[]\TU/lmr/m/n/12 L.R. Goonesekere.  \TU/lmr/m/it/12 Buddhist Commentarial Liter
ature\TU/lmr/m/n/12 .  Buddhist Publica-
 []


Underfull \hbox (badness 2772) in paragraph at lines 101--106
\TU/lmr/m/n/12 tion Society, 2008.  URL []$[][][][][] [] [] [] [][][] [] [][][]
 [] [][] [] [][][][] [] [][] [] [][][][][] [] [][][][][][][][][][][] []
 []


Underfull \hbox (badness 10000) in paragraph at lines 129--135
[][][] [] [][][][][][][][][][][][][][] [] [][][][] [] [] [] [][][] [] [][][][][
][][][][][][][][][][][][][][][][][][][][][] [] [][][] [] [][][][][][][] []
 []

\openout3 = `YellowGate.mw'.

[58] (./YellowGate.mw)
\openout3 = `YellowGate.mw'.


Underfull \hbox (badness 10000) in paragraph at lines 198--203
[][][] [] [][][][] [] [][][][][][][][][][][][][][][] [] [][][][] [] [][][][][][
][][][][][][][][][] [] [][][][][][][][][][][][][][][][][][][][][][][][][][] []
 []


Underfull \hbox (badness 10000) in paragraph at lines 205--210
[][][][] [] [][][] [] [][] [] [][] [] [][][][] [] [][][][][][][][][][][][][][][
] [] [][][][][][][][][][][][][][][][][][][][][][][][][][][][][][][][][][][][][]
 []
 []


Underfull \hbox (badness 10000) in paragraph at lines 212--217
[][] [] [][][][] [] [][][][][][][][][][][][][][][] [] [][][][][][][][][][][][][
][][][][][][] [] [][][][][][][][][] [] [][][][][][][][][][][][][][][][][] []
 []

) (./Chapters/websites.tex
File: sc_logo.png Graphic file (type bmp)
<sc_logo.png>
File: bn_logo.png Graphic file (type bmp)
<bn_logo.png>
File: itlr.jpg Graphic file (type bmp)
<itlr.jpg>
)
The property list \polyglossia@langsetup contains the pairs (without outer
braces):
>  {latex/script}  =>  {latin}
>  {latex/lcscript}  =>  {latin}
>  {latex/scripttag}  =>  {}
>  {latex/language}  =>  {Latex}
>  {latex/langtag}  =>  {ENG}
>  {latex/bcp47}  =>  {}
>  {latex/hyphennames}  =>  {english}
>  {latex/direction}  =>  {LR}
>  {latex/hyphenmins}  =>  {2,3}
>  {latex/frenchspacing}  =>  {false}
>  {latex/indentfirst}  =>  {false}
>  {latex/fontsetup}  =>  {true}
>  {latex/envname}  =>  {latex}
>  {latex/babelname}  =>  {latex}
>  {latex/localnumeral}  =>  {polyglossia@C@localnumeral}
>  {latex/Localnumeral}  =>  {polyglossia@C@localnumeral}
>  {english/script}  =>  {latin}
>  {english/lcscript}  =>  {latin}
>  {english/scripttag}  =>  {}
>  {english/language}  =>  {English}
>  {english/langtag}  =>  {ENG}
>  {english/bcp47}  =>  {en-US}
>  {english/hyphennames}  =>  {english,american,usenglish,USenglish}
>  {english/direction}  =>  {LR}
>  {english/hyphenmins}  =>  {2,3}
>  {english/frenchspacing}  =>  {false}
>  {english/indentfirst}  =>  {false}
>  {english/fontsetup}  =>  {true}
>  {english/envname}  =>  {english}
>  {english/babelname}  =>  {american}
>  {english/localnumeral}  =>  {polyglossia@C@localnumeral}
>  {english/Localnumeral}  =>  {polyglossia@C@localnumeral}.
\openout3 = `YellowGate.mw'.

 [59] (./YellowGate.mw)
\openout3 = `YellowGate.mw'.

Package atveryend Info: Empty hook `BeforeClearDocument' on input line 81.
Package atveryend Info: Empty hook `AfterLastShipout' on input line 81.
 (./YellowGate.aux
LaTeX Info: Redefining \rmfamily on input line 22.
LaTeX Info: Redefining \sffamily on input line 22.
LaTeX Info: Redefining \ttfamily on input line 22.
\openout3 = `YellowGate.mw'.

\openout3 = `YellowGate.mw'.

\openout3 = `YellowGate.mw'.

\openout3 = `YellowGate.mw'.

\openout3 = `YellowGate.mw'.

\openout3 = `YellowGate.mw'.

\openout3 = `YellowGate.mw'.

\openout3 = `YellowGate.mw'.

\openout3 = `YellowGate.mw'.

\openout3 = `YellowGate.mw'.

\openout3 = `YellowGate.mw'.

\openout3 = `YellowGate.mw'.

\openout3 = `YellowGate.mw'.

\openout3 = `YellowGate.mw'.

\openout3 = `YellowGate.mw'.

\openout3 = `YellowGate.mw'.

\openout3 = `YellowGate.mw'.

\openout3 = `YellowGate.mw'.

\openout3 = `YellowGate.mw'.

\openout3 = `YellowGate.mw'.

\openout3 = `YellowGate.mw'.

\openout3 = `YellowGate.mw'.

\openout3 = `YellowGate.mw'.

\openout3 = `YellowGate.mw'.

\openout3 = `YellowGate.mw'.

\openout3 = `YellowGate.mw'.

\openout3 = `YellowGate.mw'.

\openout3 = `YellowGate.mw'.

\openout3 = `YellowGate.mw'.

\openout3 = `YellowGate.mw'.

\openout3 = `YellowGate.mw'.

\openout3 = `YellowGate.mw'.

\openout3 = `YellowGate.mw'.

\openout3 = `YellowGate.mw'.

\openout3 = `YellowGate.mw'.

\openout3 = `YellowGate.mw'.

\openout3 = `YellowGate.mw'.

\openout3 = `YellowGate.mw'.

\openout3 = `YellowGate.mw'.

\openout3 = `YellowGate.mw'.

\openout3 = `YellowGate.mw'.

\openout3 = `YellowGate.mw'.

\openout3 = `YellowGate.mw'.

\openout3 = `YellowGate.mw'.

\openout3 = `YellowGate.mw'.

\openout3 = `YellowGate.mw'.

\openout3 = `YellowGate.mw'.

\openout3 = `YellowGate.mw'.

\openout3 = `YellowGate.mw'.

\openout3 = `YellowGate.mw'.

\openout3 = `YellowGate.mw'.

\openout3 = `YellowGate.mw'.

\openout3 = `YellowGate.mw'.

\openout3 = `YellowGate.mw'.

\openout3 = `YellowGate.mw'.

\openout3 = `YellowGate.mw'.

)
Package atveryend Info: Empty hook `AtVeryEndDocument' on input line 81.
Package atveryend Info: Executing hook `AtEndAfterFileList' on input line 81.
\openout3 = `YellowGate.out'.

Package rerunfilecheck Info: File `YellowGate.out' has not changed.
(rerunfilecheck)             Checksum: D41D8CD98F00B204E9800998ECF8427E;0.


LaTeX Font Warning: Some font shapes were not available, defaults substituted.

\openout3 = `YellowGate.toc'.

 ) 
Here is how much of TeX's memory you used:
 41804 strings out of 481804
 951812 string characters out of 5937876
 1389457 words of memory out of 5000000
 57950 multiletter control sequences out of 15000+600000
 561316 words of font info for 71 fonts, out of 8000000 for 9000
 14 hyphenation exceptions out of 8191
 80i,8n,104p,10128b,677s stack positions out of 5000i,500n,10000p,200000b,80000s

Output written on YellowGate.pdf (59 pages).
